SF:C:\Users\ncorreia\source\repos\MyBillsApi\src\Domain\Events\BankTransactionCreateEvent.cs
FN:9,System.Void MyBills.Domain.Events.BankTransactionCreatedEvent::.ctor(MyBills.Domain.Entities.BankTransaction)
FNDA:0,System.Void MyBills.Domain.Events.BankTransactionCreatedEvent::.ctor(MyBills.Domain.Entities.BankTransaction)
DA:10,0
DA:11,0
DA:12,0
DA:13,0
LF:4
LH:0
BRF:0
BRH:0
FNF:1
FNH:0
end_of_record
SF:C:\Users\ncorreia\source\repos\MyBillsApi\src\Domain\Events\BankTransactionDeletedEvent.cs
FN:9,System.Void MyBills.Domain.Events.BankTransactionDeletedEvent::.ctor(MyBills.Domain.Entities.BankTransaction)
FNDA:0,System.Void MyBills.Domain.Events.BankTransactionDeletedEvent::.ctor(MyBills.Domain.Entities.BankTransaction)
DA:10,0
DA:11,0
DA:12,0
DA:13,0
LF:4
LH:0
BRF:0
BRH:0
FNF:1
FNH:0
end_of_record
SF:C:\Users\ncorreia\source\repos\MyBillsApi\src\Domain\Entities\Account.cs
FN:6,System.String MyBills.Domain.Entities.Account::get_OwnerName()
FNDA:0,System.String MyBills.Domain.Entities.Account::get_OwnerName()
DA:7,0
FN:7,System.Decimal MyBills.Domain.Entities.Account::get_Balance()
FNDA:0,System.Decimal MyBills.Domain.Entities.Account::get_Balance()
DA:8,0
FN:8,System.String MyBills.Domain.Entities.Account::get_BankAccountNumber()
FNDA:0,System.String MyBills.Domain.Entities.Account::get_BankAccountNumber()
DA:9,0
FN:9,System.Boolean MyBills.Domain.Entities.Account::get_Closed()
FNDA:0,System.Boolean MyBills.Domain.Entities.Account::get_Closed()
DA:10,0
LF:4
LH:0
BRF:0
BRH:0
FNF:4
FNH:0
end_of_record
SF:C:\Users\ncorreia\source\repos\MyBillsApi\src\Domain\Entities\BankTransaction.cs
FN:9,System.String MyBills.Domain.Entities.BankTransaction::get_Memo()
FNDA:0,System.String MyBills.Domain.Entities.BankTransaction::get_Memo()
DA:10,0
FN:11,System.Decimal MyBills.Domain.Entities.BankTransaction::get_Amount()
FNDA:0,System.Decimal MyBills.Domain.Entities.BankTransaction::get_Amount()
DA:12,0
FN:13,System.Int64 MyBills.Domain.Entities.BankTransaction::get_CategoryId()
FNDA:0,System.Int64 MyBills.Domain.Entities.BankTransaction::get_CategoryId()
DA:14,0
FN:15,System.Int64 MyBills.Domain.Entities.BankTransaction::get_AccountId()
FNDA:0,System.Int64 MyBills.Domain.Entities.BankTransaction::get_AccountId()
DA:16,0
FN:19,System.Boolean MyBills.Domain.Entities.BankTransaction::get_Deleted()
FNDA:0,System.Boolean MyBills.Domain.Entities.BankTransaction::get_Deleted()
DA:20,0
FN:21,System.Void MyBills.Domain.Entities.BankTransaction::set_Deleted(System.Boolean)
FNDA:0,System.Void MyBills.Domain.Entities.BankTransaction::set_Deleted(System.Boolean)
DA:22,0
DA:23,0
DA:24,0
DA:25,0
BRDA:23,2,0,0
BRDA:23,2,1,0
BRDA:23,18,0,0
BRDA:23,18,1,0
FN:27,MyBills.Domain.Entities.TransactionCategory MyBills.Domain.Entities.BankTransaction::get_TransactionCategory()
FNDA:0,MyBills.Domain.Entities.TransactionCategory MyBills.Domain.Entities.BankTransaction::get_TransactionCategory()
DA:28,0
FN:29,MyBills.Domain.Entities.Account MyBills.Domain.Entities.BankTransaction::get_Account()
FNDA:0,MyBills.Domain.Entities.Account MyBills.Domain.Entities.BankTransaction::get_Account()
DA:30,0
FN:31,System.Collections.Generic.List`1<MyBills.Domain.Common.DomainEvent> MyBills.Domain.Entities.BankTransaction::get_DomainEvents()
FNDA:0,System.Collections.Generic.List`1<MyBills.Domain.Common.DomainEvent> MyBills.Domain.Entities.BankTransaction::get_DomainEvents()
DA:32,0
LF:12
LH:0
BRF:4
BRH:0
FNF:9
FNH:0
end_of_record
SF:C:\Users\ncorreia\source\repos\MyBillsApi\src\Domain\Entities\TransactionCategory.cs
FN:7,System.String MyBills.Domain.Entities.TransactionCategory::get_Name()
FNDA:0,System.String MyBills.Domain.Entities.TransactionCategory::get_Name()
DA:8,0
FN:8,System.String MyBills.Domain.Entities.TransactionCategory::get_Description()
FNDA:0,System.String MyBills.Domain.Entities.TransactionCategory::get_Description()
DA:9,0
FN:9,System.Nullable`1<MyBills.Domain.Enums.RecurringPeriod> MyBills.Domain.Entities.TransactionCategory::get_RecurringPeriod()
FNDA:0,System.Nullable`1<MyBills.Domain.Enums.RecurringPeriod> MyBills.Domain.Entities.TransactionCategory::get_RecurringPeriod()
DA:10,0
FN:10,System.Int64 MyBills.Domain.Entities.TransactionCategory::get_AccountId()
FNDA:0,System.Int64 MyBills.Domain.Entities.TransactionCategory::get_AccountId()
DA:11,0
FN:11,MyBills.Domain.Entities.Account MyBills.Domain.Entities.TransactionCategory::get_Account()
FNDA:0,MyBills.Domain.Entities.Account MyBills.Domain.Entities.TransactionCategory::get_Account()
DA:12,0
LF:5
LH:0
BRF:0
BRH:0
FNF:5
FNH:0
end_of_record
SF:C:\Users\ncorreia\source\repos\MyBillsApi\src\Domain\Common\AuditableEntity.cs
FN:6,System.Int64 MyBills.Domain.Common.AuditableEntity::get_Id()
FNDA:0,System.Int64 MyBills.Domain.Common.AuditableEntity::get_Id()
DA:7,0
FN:8,System.DateTime MyBills.Domain.Common.AuditableEntity::get_Created()
FNDA:0,System.DateTime MyBills.Domain.Common.AuditableEntity::get_Created()
DA:9,0
FN:10,System.String MyBills.Domain.Common.AuditableEntity::get_CreatedBy()
FNDA:0,System.String MyBills.Domain.Common.AuditableEntity::get_CreatedBy()
DA:11,0
FN:12,System.Nullable`1<System.DateTime> MyBills.Domain.Common.AuditableEntity::get_LastModified()
FNDA:0,System.Nullable`1<System.DateTime> MyBills.Domain.Common.AuditableEntity::get_LastModified()
DA:13,0
FN:14,System.String MyBills.Domain.Common.AuditableEntity::get_LastModifiedBy()
FNDA:0,System.String MyBills.Domain.Common.AuditableEntity::get_LastModifiedBy()
DA:15,0
LF:5
LH:0
BRF:0
BRH:0
FNF:5
FNH:0
end_of_record
SF:C:\Users\ncorreia\source\repos\MyBillsApi\src\Domain\Common\DomainEvent.cs
FN:11,System.DateTimeOffset MyBills.Domain.Common.DomainEvent::get_DateOccurred()
FNDA:0,System.DateTimeOffset MyBills.Domain.Common.DomainEvent::get_DateOccurred()
DA:12,0
FN:6,System.Void MyBills.Domain.Common.DomainEvent::.ctor()
FNDA:0,System.Void MyBills.Domain.Common.DomainEvent::.ctor()
DA:7,0
DA:8,0
DA:9,0
DA:10,0
LF:5
LH:0
BRF:0
BRH:0
FNF:2
FNH:0
end_of_record