SF:C:\Users\ncorreia\source\repos\MyBillsApi\src\Api\Startup.cs
FN:12,System.Void MyBills.Api.Startup::Configure(Microsoft.Azure.Functions.Extensions.DependencyInjection.IFunctionsHostBuilder)
FNDA:1,System.Void MyBills.Api.Startup::Configure(Microsoft.Azure.Functions.Extensions.DependencyInjection.IFunctionsHostBuilder)
DA:13,1
DA:14,1
DA:16,1
DA:17,1
DA:18,1
LF:5
LH:5
BRF:0
BRH:0
FNF:1
FNH:1
end_of_record
SF:C:\Users\ncorreia\source\repos\MyBillsApi\src\Api\Accounts\CloseAccounts.cs
FN:17,System.Void MyBills.Api.Accounts.CloseAccounts::.ctor(MediatR.IMediator)
FNDA:1,System.Void MyBills.Api.Accounts.CloseAccounts::.ctor(MediatR.IMediator)
DA:18,1
DA:19,1
DA:20,1
DA:21,1
FN:26,System.Void MyBills.Api.Accounts.CloseAccounts/<Run>d__2::MoveNext()
FNDA:1,System.Void MyBills.Api.Accounts.CloseAccounts/<Run>d__2::MoveNext()
DA:27,1
DA:28,1
DA:30,1
DA:31,1
DA:32,1
DA:33,1
DA:34,1
DA:35,1
DA:37,0
DA:38,0
DA:39,0
DA:40,0
DA:42,1
LF:17
LH:13
BRF:0
BRH:0
FNF:2
FNH:2
end_of_record
SF:C:\Users\ncorreia\source\repos\MyBillsApi\src\Api\Accounts\CreateAccount.cs
FN:17,System.Void MyBills.Api.Accounts.CreateAccount::.ctor(MediatR.IMediator)
FNDA:2,System.Void MyBills.Api.Accounts.CreateAccount::.ctor(MediatR.IMediator)
DA:18,2
DA:19,2
DA:20,2
DA:21,2
FN:26,System.Void MyBills.Api.Accounts.CreateAccount/<Run>d__2::MoveNext()
FNDA:2,System.Void MyBills.Api.Accounts.CreateAccount/<Run>d__2::MoveNext()
DA:27,2
DA:28,2
DA:30,2
DA:31,2
DA:32,1
DA:33,1
DA:35,1
DA:36,1
DA:37,1
DA:38,1
DA:40,2
LF:15
LH:15
BRF:0
BRH:0
FNF:2
FNH:2
end_of_record
SF:C:\Users\ncorreia\source\repos\MyBillsApi\src\Api\Accounts\GetAccounts.cs
FN:21,System.Void MyBills.Api.Accounts.GetAccounts::.ctor(MediatR.IMediator)
FNDA:1,System.Void MyBills.Api.Accounts.GetAccounts::.ctor(MediatR.IMediator)
DA:22,1
DA:23,1
DA:24,1
DA:25,1
FN:30,System.Void MyBills.Api.Accounts.GetAccounts/<Run>d__2::MoveNext()
FNDA:1,System.Void MyBills.Api.Accounts.GetAccounts/<Run>d__2::MoveNext()
DA:31,1
DA:32,1
DA:33,1
DA:34,1
DA:35,1
DA:36,1
DA:37,1
DA:38,1
LF:12
LH:12
BRF:0
BRH:0
FNF:2
FNH:2
end_of_record
SF:C:\Users\ncorreia\source\repos\MyBillsApi\src\Api\Accounts\UpdateAccount.cs
FN:17,System.Void MyBills.Api.Accounts.UpdateAccount::.ctor(MediatR.IMediator)
FNDA:1,System.Void MyBills.Api.Accounts.UpdateAccount::.ctor(MediatR.IMediator)
DA:18,1
DA:19,1
DA:20,1
DA:21,1
FN:26,System.Void MyBills.Api.Accounts.UpdateAccount/<Run>d__2::MoveNext()
FNDA:1,System.Void MyBills.Api.Accounts.UpdateAccount/<Run>d__2::MoveNext()
DA:27,1
DA:28,1
DA:30,1
DA:31,1
DA:32,1
DA:33,1
DA:35,0
DA:36,0
DA:37,0
DA:38,0
DA:40,1
LF:15
LH:11
BRF:0
BRH:0
FNF:2
FNH:2
end_of_record
SF:C:\Users\ncorreia\source\repos\MyBillsApi\src\Api\Common\HttpRequestUtils.cs
FN:8,System.Collections.Generic.List`1<System.Int64> MyBills.Api.Accounts.HttpRequestUtils::GetQueryIds(Microsoft.AspNetCore.Http.HttpRequest)
FNDA:2,System.Collections.Generic.List`1<System.Int64> MyBills.Api.Accounts.HttpRequestUtils::GetQueryIds(Microsoft.AspNetCore.Http.HttpRequest)
DA:9,2
DA:10,2
DA:11,2
DA:12,10
DA:13,2
DA:14,2
DA:15,2
DA:16,2
DA:17,2
DA:18,2
DA:20,2
DA:21,2
BRDA:12,77,1,2
BRDA:14,56,0,2
BRDA:14,56,1,2
BRDA:12,77,0,2
LF:12
LH:12
BRF:4
BRH:4
FNF:1
FNH:1
end_of_record
SF:C:\Users\ncorreia\source\repos\MyBillsApi\src\Application\DependencyInjection.cs
FN:12,Microsoft.Extensions.DependencyInjection.IServiceCollection MyBills.Application.DependencyInjection::AddApplication(Microsoft.Extensions.DependencyInjection.IServiceCollection)
FNDA:1,Microsoft.Extensions.DependencyInjection.IServiceCollection MyBills.Application.DependencyInjection::AddApplication(Microsoft.Extensions.DependencyInjection.IServiceCollection)
DA:13,1
DA:14,1
DA:15,1
DA:16,1
DA:17,1
DA:18,1
DA:19,1
DA:21,1
DA:22,1
LF:9
LH:9
BRF:0
BRH:0
FNF:1
FNH:1
end_of_record
SF:C:\Users\ncorreia\source\repos\MyBillsApi\src\Application\Common\Models\DomainEventNotification.cs
FN:12,TDomainEvent MyBills.Application.Common.Models.DomainEventNotification`1::get_DomainEvent()
FNDA:0,TDomainEvent MyBills.Application.Common.Models.DomainEventNotification`1::get_DomainEvent()
DA:13,0
FN:7,System.Void MyBills.Application.Common.Models.DomainEventNotification`1::.ctor(TDomainEvent)
FNDA:0,System.Void MyBills.Application.Common.Models.DomainEventNotification`1::.ctor(TDomainEvent)
DA:8,0
DA:9,0
DA:10,0
DA:11,0
LF:5
LH:0
BRF:0
BRH:0
FNF:2
FNH:0
end_of_record
SF:C:\Users\ncorreia\source\repos\MyBillsApi\src\Application\Common\Models\PaginatedList.cs
FN:18,System.Collections.Generic.List`1<T> MyBills.Application.Common.Models.PaginatedList`1::get_Items()
FNDA:0,System.Collections.Generic.List`1<T> MyBills.Application.Common.Models.PaginatedList`1::get_Items()
DA:19,0
FN:19,System.Int32 MyBills.Application.Common.Models.PaginatedList`1::get_PageIndex()
FNDA:0,System.Int32 MyBills.Application.Common.Models.PaginatedList`1::get_PageIndex()
DA:20,0
FN:20,System.Int32 MyBills.Application.Common.Models.PaginatedList`1::get_TotalPages()
FNDA:0,System.Int32 MyBills.Application.Common.Models.PaginatedList`1::get_TotalPages()
DA:21,0
FN:21,System.Int32 MyBills.Application.Common.Models.PaginatedList`1::get_TotalCount()
FNDA:0,System.Int32 MyBills.Application.Common.Models.PaginatedList`1::get_TotalCount()
DA:22,0
FN:23,System.Boolean MyBills.Application.Common.Models.PaginatedList`1::get_HasPreviousPage()
FNDA:0,System.Boolean MyBills.Application.Common.Models.PaginatedList`1::get_HasPreviousPage()
DA:24,0
FN:25,System.Boolean MyBills.Application.Common.Models.PaginatedList`1::get_HasNextPage()
FNDA:0,System.Boolean MyBills.Application.Common.Models.PaginatedList`1::get_HasNextPage()
DA:26,0
FN:10,System.Void MyBills.Application.Common.Models.PaginatedList`1::.ctor(System.Collections.Generic.List`1<T>,System.Int32,System.Int32,System.Int32)
FNDA:0,System.Void MyBills.Application.Common.Models.PaginatedList`1::.ctor(System.Collections.Generic.List`1<T>,System.Int32,System.Int32,System.Int32)
DA:11,0
DA:12,0
DA:13,0
DA:14,0
DA:15,0
DA:16,0
DA:17,0
FN:28,System.Void MyBills.Application.Common.Models.PaginatedList`1/<CreateAsync>d__17::MoveNext()
FNDA:0,System.Void MyBills.Application.Common.Models.PaginatedList`1/<CreateAsync>d__17::MoveNext()
DA:29,0
DA:30,0
DA:31,0
DA:33,0
DA:34,0
LF:18
LH:0
BRF:0
BRH:0
FNF:8
FNH:0
end_of_record
SF:C:\Users\ncorreia\source\repos\MyBillsApi\src\Application\Common\Models\Result.cs
FN:13,System.Boolean MyBills.Application.Common.Models.Result::get_Succeeded()
FNDA:0,System.Boolean MyBills.Application.Common.Models.Result::get_Succeeded()
DA:14,0
FN:15,System.Collections.Generic.IEnumerable`1<System.String> MyBills.Application.Common.Models.Result::get_Errors()
FNDA:0,System.Collections.Generic.IEnumerable`1<System.String> MyBills.Application.Common.Models.Result::get_Errors()
DA:16,0
FN:18,MyBills.Application.Common.Models.Result MyBills.Application.Common.Models.Result::Success()
FNDA:0,MyBills.Application.Common.Models.Result MyBills.Application.Common.Models.Result::Success()
DA:19,0
DA:20,0
DA:21,0
FN:23,MyBills.Application.Common.Models.Result MyBills.Application.Common.Models.Result::Failure(System.Collections.Generic.IEnumerable`1<System.String>)
FNDA:0,MyBills.Application.Common.Models.Result MyBills.Application.Common.Models.Result::Failure(System.Collections.Generic.IEnumerable`1<System.String>)
DA:24,0
DA:25,0
DA:26,0
FN:7,System.Void MyBills.Application.Common.Models.Result::.ctor(System.Boolean,System.Collections.Generic.IEnumerable`1<System.String>)
FNDA:0,System.Void MyBills.Application.Common.Models.Result::.ctor(System.Boolean,System.Collections.Generic.IEnumerable`1<System.String>)
DA:8,0
DA:9,0
DA:10,0
DA:11,0
DA:12,0
LF:13
LH:0
BRF:0
BRH:0
FNF:5
FNH:0
end_of_record
SF:C:\Users\ncorreia\source\repos\MyBillsApi\src\Application\Common\Exceptions\NotFoundException.cs
FN:6,System.Void MyBills.Application.Common.Exceptions.NotFoundException::.ctor()
FNDA:0,System.Void MyBills.Application.Common.Exceptions.NotFoundException::.ctor()
DA:7,0
DA:8,0
DA:9,0
FN:11,System.Void MyBills.Application.Common.Exceptions.NotFoundException::.ctor(System.String)
FNDA:0,System.Void MyBills.Application.Common.Exceptions.NotFoundException::.ctor(System.String)
DA:12,0
DA:13,0
DA:14,0
FN:16,System.Void MyBills.Application.Common.Exceptions.NotFoundException::.ctor(System.String,System.Exception)
FNDA:0,System.Void MyBills.Application.Common.Exceptions.NotFoundException::.ctor(System.String,System.Exception)
DA:17,0
DA:18,0
DA:19,0
FN:21,System.Void MyBills.Application.Common.Exceptions.NotFoundException::.ctor(System.String,System.Object)
FNDA:0,System.Void MyBills.Application.Common.Exceptions.NotFoundException::.ctor(System.String,System.Object)
DA:22,0
DA:23,0
DA:24,0
LF:12
LH:0
BRF:0
BRH:0
FNF:4
FNH:0
end_of_record
SF:C:\Users\ncorreia\source\repos\MyBillsApi\src\Application\Common\Exceptions\ValidationException.cs
FN:23,System.Collections.Generic.IDictionary`2<System.String,System.String[]> MyBills.Application.Common.Exceptions.ValidationException::get_Errors()
FNDA:1,System.Collections.Generic.IDictionary`2<System.String,System.String[]> MyBills.Application.Common.Exceptions.ValidationException::get_Errors()
DA:24,1
FN:10,System.Void MyBills.Application.Common.Exceptions.ValidationException::.ctor()
FNDA:1,System.Void MyBills.Application.Common.Exceptions.ValidationException::.ctor()
DA:11,1
DA:12,1
DA:13,1
DA:14,1
FN:16,System.Void MyBills.Application.Common.Exceptions.ValidationException::.ctor(System.Collections.Generic.IEnumerable`1<FluentValidation.Results.ValidationFailure>)
FNDA:1,System.Void MyBills.Application.Common.Exceptions.ValidationException::.ctor(System.Collections.Generic.IEnumerable`1<FluentValidation.Results.ValidationFailure>)
DA:17,1
DA:18,1
DA:19,1
DA:20,3
DA:21,3
DA:22,1
LF:11
LH:11
BRF:0
BRH:0
FNF:3
FNH:3
end_of_record
SF:C:\Users\ncorreia\source\repos\MyBillsApi\src\Application\Common\Behaviours\PerformanceBehaviour.cs
FN:13,System.Void MyBills.Application.Common.Behaviours.PerformanceBehaviour`2::.ctor(Microsoft.Extensions.Logging.ILogger`1<TRequest>)
FNDA:5,System.Void MyBills.Application.Common.Behaviours.PerformanceBehaviour`2::.ctor(Microsoft.Extensions.Logging.ILogger`1<TRequest>)
DA:14,5
DA:15,5
DA:16,5
DA:17,5
DA:19,5
DA:20,5
FN:23,System.Void MyBills.Application.Common.Behaviours.PerformanceBehaviour`2/<Handle>d__3::MoveNext()
FNDA:5,System.Void MyBills.Application.Common.Behaviours.PerformanceBehaviour`2/<Handle>d__3::MoveNext()
DA:24,5
DA:25,5
DA:27,5
DA:29,4
DA:31,4
DA:33,4
DA:34,1
DA:35,1
DA:37,1
DA:38,1
DA:39,1
DA:40,1
DA:42,4
DA:43,4
BRDA:33,219,0,1
BRDA:33,219,1,4
LF:20
LH:20
BRF:2
BRH:2
FNF:2
FNH:2
end_of_record
SF:C:\Users\ncorreia\source\repos\MyBillsApi\src\Application\Common\Behaviours\UnhandledExceptionBehaviour.cs
FN:12,System.Void MyBills.Application.Common.Behaviours.UnhandledExceptionBehaviour`2::.ctor(Microsoft.Extensions.Logging.ILogger`1<TRequest>)
FNDA:5,System.Void MyBills.Application.Common.Behaviours.UnhandledExceptionBehaviour`2::.ctor(Microsoft.Extensions.Logging.ILogger`1<TRequest>)
DA:13,5
DA:14,5
DA:15,5
DA:16,5
FN:19,System.Void MyBills.Application.Common.Behaviours.UnhandledExceptionBehaviour`2/<Handle>d__2::MoveNext()
FNDA:4,System.Void MyBills.Application.Common.Behaviours.UnhandledExceptionBehaviour`2/<Handle>d__2::MoveNext()
DA:20,4
DA:22,4
DA:23,4
DA:25,0
DA:26,0
DA:27,0
DA:29,0
DA:30,0
DA:32,0
DA:34,4
LF:14
LH:8
BRF:0
BRH:0
FNF:2
FNH:2
end_of_record
SF:C:\Users\ncorreia\source\repos\MyBillsApi\src\Application\Common\Behaviours\ValidationBehaviour.cs
FN:15,System.Void MyBills.Application.Common.Behaviours.ValidationBehaviour`2::.ctor(System.Collections.Generic.IEnumerable`1<FluentValidation.IValidator`1<TRequest>>)
FNDA:5,System.Void MyBills.Application.Common.Behaviours.ValidationBehaviour`2::.ctor(System.Collections.Generic.IEnumerable`1<FluentValidation.IValidator`1<TRequest>>)
DA:16,5
DA:17,5
DA:18,5
DA:19,5
FN:28,System.Threading.Tasks.Task`1<FluentValidation.Results.ValidationResult> MyBills.Application.Common.Behaviours.ValidationBehaviour`2/<>c__DisplayClass2_1::<Handle>b__2(FluentValidation.IValidator`1<TRequest>)
FNDA:8,System.Threading.Tasks.Task`1<FluentValidation.Results.ValidationResult> MyBills.Application.Common.Behaviours.ValidationBehaviour`2/<>c__DisplayClass2_1::<Handle>b__2(FluentValidation.IValidator`1<TRequest>)
DA:29,8
FN:29,System.Collections.Generic.IEnumerable`1<FluentValidation.Results.ValidationFailure> MyBills.Application.Common.Behaviours.ValidationBehaviour`2/<>c::<Handle>b__2_0(FluentValidation.Results.ValidationResult)
FNDA:9,System.Collections.Generic.IEnumerable`1<FluentValidation.Results.ValidationFailure> MyBills.Application.Common.Behaviours.ValidationBehaviour`2/<>c::<Handle>b__2_0(FluentValidation.Results.ValidationResult)
DA:30,9
BRDA:30,297,0,3
BRDA:30,297,1,4
BRDA:30,333,0,3
BRDA:30,333,1,4
LF:6
LH:6
BRF:4
BRH:4
FNF:3
FNH:3
end_of_record
SF:C:\Users\ncorreia\source\repos\MyBillsApi\src\Application\BankTransactions\Commands\UpdateBankTransaction\UpdateBankTransactionCommand.cs
FN:6,System.Int64 MyBills.Application.BankTransactions.Commands.UpdateBankTransaction.UpdateBankTransactionCommand::get_Id()
FNDA:0,System.Int64 MyBills.Application.BankTransactions.Commands.UpdateBankTransaction.UpdateBankTransactionCommand::get_Id()
DA:7,0
FN:7,System.String MyBills.Application.BankTransactions.Commands.UpdateBankTransaction.UpdateBankTransactionCommand::get_Memo()
FNDA:0,System.String MyBills.Application.BankTransactions.Commands.UpdateBankTransaction.UpdateBankTransactionCommand::get_Memo()
DA:8,0
FN:8,System.Decimal MyBills.Application.BankTransactions.Commands.UpdateBankTransaction.UpdateBankTransactionCommand::get_Amount()
FNDA:0,System.Decimal MyBills.Application.BankTransactions.Commands.UpdateBankTransaction.UpdateBankTransactionCommand::get_Amount()
DA:9,0
FN:9,System.Int64 MyBills.Application.BankTransactions.Commands.UpdateBankTransaction.UpdateBankTransactionCommand::get_CategoryId()
FNDA:0,System.Int64 MyBills.Application.BankTransactions.Commands.UpdateBankTransaction.UpdateBankTransactionCommand::get_CategoryId()
DA:10,0
LF:4
LH:0
BRF:0
BRH:0
FNF:4
FNH:0
end_of_record
SF:C:\Users\ncorreia\source\repos\MyBillsApi\src\Application\BankTransactions\Commands\UpdateBankTransaction\UpdateBankTransactionCommandHandler.cs
FN:13,System.Void MyBills.Application.BankTransactions.Commands.UpdateBankTransaction.UpdateBankTransactionCommandHandler::.ctor(MyBills.Application.Common.Interfaces.IApplicationDbContext)
FNDA:0,System.Void MyBills.Application.BankTransactions.Commands.UpdateBankTransaction.UpdateBankTransactionCommandHandler::.ctor(MyBills.Application.Common.Interfaces.IApplicationDbContext)
DA:14,0
DA:15,0
DA:16,0
DA:17,0
FN:19,System.Void MyBills.Application.BankTransactions.Commands.UpdateBankTransaction.UpdateBankTransactionCommandHandler/<Handle>d__2::MoveNext()
FNDA:0,System.Void MyBills.Application.BankTransactions.Commands.UpdateBankTransaction.UpdateBankTransactionCommandHandler/<Handle>d__2::MoveNext()
DA:20,0
DA:21,0
DA:22,0
DA:24,0
DA:26,0
DA:27,0
DA:28,0
DA:30,0
DA:32,0
DA:33,0
BRDA:22,109,0,0
BRDA:22,109,1,0
BRDA:24,224,0,0
BRDA:24,224,1,0
LF:14
LH:0
BRF:4
BRH:0
FNF:2
FNH:0
end_of_record
SF:C:\Users\ncorreia\source\repos\MyBillsApi\src\Application\BankTransactions\Commands\UpdateBankTransaction\UpdateBankTransactionCommandValidator.cs
FN:6,System.Void MyBills.Application.BankTransactions.Commands.UpdateBankTransaction.UpdateBankTransactionCommandValidator::.ctor()
FNDA:0,System.Void MyBills.Application.BankTransactions.Commands.UpdateBankTransaction.UpdateBankTransactionCommandValidator::.ctor()
DA:7,0
DA:8,0
DA:9,0
DA:10,0
DA:11,0
DA:12,0
DA:13,0
LF:7
LH:0
BRF:0
BRH:0
FNF:1
FNH:0
end_of_record
SF:C:\Users\ncorreia\source\repos\MyBillsApi\src\Application\BankTransactions\Commands\DeleteBankTransaction\DeleteBankTransactionCommand.cs
FN:6,System.Int64 MyBills.Application.BankTransactions.Commands.DeleteBankTransaction.DeleteBankTransactionCommand::get_Id()
FNDA:0,System.Int64 MyBills.Application.BankTransactions.Commands.DeleteBankTransaction.DeleteBankTransactionCommand::get_Id()
DA:7,0
LF:1
LH:0
BRF:0
BRH:0
FNF:1
FNH:0
end_of_record
SF:C:\Users\ncorreia\source\repos\MyBillsApi\src\Application\BankTransactions\Commands\DeleteBankTransaction\DeleteBankTransactionCommandHandler.cs
FN:13,System.Void MyBills.Application.BankTransactions.Commands.DeleteBankTransaction.DeleteBankTransactionCommandHandler::.ctor(MyBills.Application.Common.Interfaces.IApplicationDbContext)
FNDA:0,System.Void MyBills.Application.BankTransactions.Commands.DeleteBankTransaction.DeleteBankTransactionCommandHandler::.ctor(MyBills.Application.Common.Interfaces.IApplicationDbContext)
DA:14,0
DA:15,0
DA:16,0
DA:17,0
FN:19,System.Void MyBills.Application.BankTransactions.Commands.DeleteBankTransaction.DeleteBankTransactionCommandHandler/<Handle>d__2::MoveNext()
FNDA:0,System.Void MyBills.Application.BankTransactions.Commands.DeleteBankTransaction.DeleteBankTransactionCommandHandler/<Handle>d__2::MoveNext()
DA:20,0
DA:21,0
DA:22,0
DA:24,0
DA:26,0
DA:28,0
DA:30,0
DA:31,0
BRDA:22,109,0,0
BRDA:22,109,1,0
BRDA:24,224,0,0
BRDA:24,224,1,0
LF:12
LH:0
BRF:4
BRH:0
FNF:2
FNH:0
end_of_record
SF:C:\Users\ncorreia\source\repos\MyBillsApi\src\Application\BankTransactions\Commands\CreateBankTransaction\CreateBankTransactionCommand.cs
FN:6,System.String MyBills.Application.BankTransactions.Commands.CreateBankTransaction.CreateBankTransactionCommand::get_Memo()
FNDA:0,System.String MyBills.Application.BankTransactions.Commands.CreateBankTransaction.CreateBankTransactionCommand::get_Memo()
DA:7,0
FN:7,System.Decimal MyBills.Application.BankTransactions.Commands.CreateBankTransaction.CreateBankTransactionCommand::get_Amount()
FNDA:0,System.Decimal MyBills.Application.BankTransactions.Commands.CreateBankTransaction.CreateBankTransactionCommand::get_Amount()
DA:8,0
FN:8,System.Int64 MyBills.Application.BankTransactions.Commands.CreateBankTransaction.CreateBankTransactionCommand::get_CategoryId()
FNDA:0,System.Int64 MyBills.Application.BankTransactions.Commands.CreateBankTransaction.CreateBankTransactionCommand::get_CategoryId()
DA:9,0
FN:9,System.Int64 MyBills.Application.BankTransactions.Commands.CreateBankTransaction.CreateBankTransactionCommand::get_AccountId()
FNDA:0,System.Int64 MyBills.Application.BankTransactions.Commands.CreateBankTransaction.CreateBankTransactionCommand::get_AccountId()
DA:10,0
LF:4
LH:0
BRF:0
BRH:0
FNF:4
FNH:0
end_of_record
SF:C:\Users\ncorreia\source\repos\MyBillsApi\src\Application\BankTransactions\Commands\CreateBankTransaction\CreateBankTransactionCommandHandler.cs
FN:13,System.Void MyBills.Application.BankTransactions.Commands.CreateBankTransaction.CreateBankTransactionCommandHandler::.ctor(MyBills.Application.Common.Interfaces.IApplicationDbContext)
FNDA:0,System.Void MyBills.Application.BankTransactions.Commands.CreateBankTransaction.CreateBankTransactionCommandHandler::.ctor(MyBills.Application.Common.Interfaces.IApplicationDbContext)
DA:14,0
DA:15,0
DA:16,0
DA:17,0
FN:19,System.Void MyBills.Application.BankTransactions.Commands.CreateBankTransaction.CreateBankTransactionCommandHandler/<Handle>d__2::MoveNext()
FNDA:0,System.Void MyBills.Application.BankTransactions.Commands.CreateBankTransaction.CreateBankTransactionCommandHandler/<Handle>d__2::MoveNext()
DA:20,0
DA:21,0
DA:22,0
DA:23,0
DA:24,0
DA:25,0
DA:26,0
DA:27,0
DA:29,0
DA:31,0
DA:33,0
DA:35,0
DA:36,0
BRDA:31,189,0,0
BRDA:31,189,1,0
LF:17
LH:0
BRF:2
BRH:0
FNF:2
FNH:0
end_of_record
SF:C:\Users\ncorreia\source\repos\MyBillsApi\src\Application\BankTransactions\Commands\CreateBankTransaction\CreateBankTransactionCommandValidator.cs
FN:6,System.Void MyBills.Application.BankTransactions.Commands.CreateBankTransaction.CreateBankTransactionCommandValidator::.ctor()
FNDA:0,System.Void MyBills.Application.BankTransactions.Commands.CreateBankTransaction.CreateBankTransactionCommandValidator::.ctor()
DA:7,0
DA:8,0
DA:9,0
DA:10,0
DA:11,0
DA:12,0
DA:13,0
LF:7
LH:0
BRF:0
BRH:0
FNF:1
FNH:0
end_of_record
SF:C:\Users\ncorreia\source\repos\MyBillsApi\src\Application\Accounts\Queries\GetAccounts\GetAccountsQuery.cs
FN:8,System.Collections.Generic.List`1<System.Int64> MyBills.Application.Accounts.Queries.GetAccounts.GetAccountsQuery::get_Ids()
FNDA:3,System.Collections.Generic.List`1<System.Int64> MyBills.Application.Accounts.Queries.GetAccounts.GetAccountsQuery::get_Ids()
DA:9,3
LF:1
LH:1
BRF:0
BRH:0
FNF:1
FNH:1
end_of_record
SF:C:\Users\ncorreia\source\repos\MyBillsApi\src\Application\Accounts\Queries\GetAccounts\GetAccountsQueryHandler.cs
FN:15,System.Void MyBills.Application.Accounts.Queries.GetAccounts.GetAccountsQueryHandler::.ctor(MyBills.Application.Common.Interfaces.IApplicationDbContext)
FNDA:1,System.Void MyBills.Application.Accounts.Queries.GetAccounts.GetAccountsQueryHandler::.ctor(MyBills.Application.Common.Interfaces.IApplicationDbContext)
DA:16,1
DA:17,1
DA:18,1
DA:19,1
FN:21,System.Void MyBills.Application.Accounts.Queries.GetAccounts.GetAccountsQueryHandler/<Handle>d__2::MoveNext()
FNDA:1,System.Void MyBills.Application.Accounts.Queries.GetAccounts.GetAccountsQueryHandler/<Handle>d__2::MoveNext()
DA:22,1
DA:23,1
DA:24,2
DA:26,1
DA:27,1
BRDA:24,96,0,1
BRDA:24,96,1,1
LF:9
LH:9
BRF:2
BRH:2
FNF:2
FNH:2
end_of_record
SF:C:\Users\ncorreia\source\repos\MyBillsApi\src\Application\Accounts\Commands\UpdateAccount\UpdateAccountCommand.cs
FN:6,System.Int64 MyBills.Application.Accounts.Commands.UpdateAccount.UpdateAccountCommand::get_Id()
FNDA:4,System.Int64 MyBills.Application.Accounts.Commands.UpdateAccount.UpdateAccountCommand::get_Id()
DA:7,4
FN:7,System.String MyBills.Application.Accounts.Commands.UpdateAccount.UpdateAccountCommand::get_OwnerName()
FNDA:5,System.String MyBills.Application.Accounts.Commands.UpdateAccount.UpdateAccountCommand::get_OwnerName()
DA:8,5
FN:8,System.String MyBills.Application.Accounts.Commands.UpdateAccount.UpdateAccountCommand::get_BankAccountNumber()
FNDA:5,System.String MyBills.Application.Accounts.Commands.UpdateAccount.UpdateAccountCommand::get_BankAccountNumber()
DA:9,5
LF:3
LH:3
BRF:0
BRH:0
FNF:3
FNH:3
end_of_record
SF:C:\Users\ncorreia\source\repos\MyBillsApi\src\Application\Accounts\Commands\UpdateAccount\UpdateAccountCommandHandler.cs
FN:13,System.Void MyBills.Application.Accounts.Commands.UpdateAccount.UpdateAccountCommandHandler::.ctor(MyBills.Application.Common.Interfaces.IApplicationDbContext)
FNDA:1,System.Void MyBills.Application.Accounts.Commands.UpdateAccount.UpdateAccountCommandHandler::.ctor(MyBills.Application.Common.Interfaces.IApplicationDbContext)
DA:14,1
DA:15,1
DA:16,1
DA:17,1
FN:19,System.Void MyBills.Application.Accounts.Commands.UpdateAccount.UpdateAccountCommandHandler/<Handle>d__2::MoveNext()
FNDA:1,System.Void MyBills.Application.Accounts.Commands.UpdateAccount.UpdateAccountCommandHandler/<Handle>d__2::MoveNext()
DA:20,1
DA:21,1
DA:22,1
DA:24,0
DA:26,1
DA:27,1
DA:29,1
DA:31,1
DA:32,1
BRDA:22,109,0,0
BRDA:22,109,1,1
BRDA:24,224,0,0
BRDA:24,224,1,1
LF:13
LH:12
BRF:4
BRH:2
FNF:2
FNH:2
end_of_record
SF:C:\Users\ncorreia\source\repos\MyBillsApi\src\Application\Accounts\Commands\UpdateAccount\UpdateAccountCommandValidator.cs
FN:8,System.Void MyBills.Application.Accounts.Commands.UpdateAccount.UpdateAccountCommandValidator::.ctor()
FNDA:1,System.Void MyBills.Application.Accounts.Commands.UpdateAccount.UpdateAccountCommandValidator::.ctor()
DA:9,1
DA:10,1
DA:11,1
DA:12,1
DA:13,1
DA:14,1
DA:15,1
DA:16,1
LF:8
LH:8
BRF:0
BRH:0
FNF:1
FNH:1
end_of_record
SF:C:\Users\ncorreia\source\repos\MyBillsApi\src\Application\Accounts\Commands\CreateAccount\CreateAccountCommand.cs
FN:6,System.String MyBills.Application.Accounts.Commands.CreateAccount.CreateAccountCommand::get_OwnerName()
FNDA:10,System.String MyBills.Application.Accounts.Commands.CreateAccount.CreateAccountCommand::get_OwnerName()
DA:7,10
FN:7,System.Decimal MyBills.Application.Accounts.Commands.CreateAccount.CreateAccountCommand::get_Balance()
FNDA:8,System.Decimal MyBills.Application.Accounts.Commands.CreateAccount.CreateAccountCommand::get_Balance()
DA:8,8
FN:8,System.String MyBills.Application.Accounts.Commands.CreateAccount.CreateAccountCommand::get_BankAccountNumber()
FNDA:10,System.String MyBills.Application.Accounts.Commands.CreateAccount.CreateAccountCommand::get_BankAccountNumber()
DA:9,10
LF:3
LH:3
BRF:0
BRH:0
FNF:3
FNH:3
end_of_record
SF:C:\Users\ncorreia\source\repos\MyBillsApi\src\Application\Accounts\Commands\CreateAccount\CreateAccountCommandHandler.cs
FN:12,System.Void MyBills.Application.Accounts.Commands.CreateAccount.CreateAccountCommandHandler::.ctor(MyBills.Application.Common.Interfaces.IApplicationDbContext)
FNDA:1,System.Void MyBills.Application.Accounts.Commands.CreateAccount.CreateAccountCommandHandler::.ctor(MyBills.Application.Common.Interfaces.IApplicationDbContext)
DA:13,1
DA:14,1
DA:15,1
DA:16,1
FN:18,System.Void MyBills.Application.Accounts.Commands.CreateAccount.CreateAccountCommandHandler/<Handle>d__2::MoveNext()
FNDA:1,System.Void MyBills.Application.Accounts.Commands.CreateAccount.CreateAccountCommandHandler/<Handle>d__2::MoveNext()
DA:19,1
DA:20,1
DA:21,1
DA:22,1
DA:23,1
DA:24,1
DA:25,1
DA:27,1
DA:29,1
DA:31,1
DA:32,1
BRDA:27,143,0,0
BRDA:27,143,1,1
LF:15
LH:15
BRF:2
BRH:1
FNF:2
FNH:2
end_of_record
SF:C:\Users\ncorreia\source\repos\MyBillsApi\src\Application\Accounts\Commands\CreateAccount\CreateAccountCommandValidator.cs
FN:8,System.Void MyBills.Application.Accounts.Commands.CreateAccount.UpdateAccountCommandValidator::.ctor()
FNDA:2,System.Void MyBills.Application.Accounts.Commands.CreateAccount.UpdateAccountCommandValidator::.ctor()
DA:9,2
DA:10,2
DA:11,2
DA:12,2
DA:13,2
DA:14,2
DA:15,2
DA:16,2
LF:8
LH:8
BRF:0
BRH:0
FNF:1
FNH:1
end_of_record
SF:C:\Users\ncorreia\source\repos\MyBillsApi\src\Application\Accounts\Commands\CloseAccounts\CloseAccountCommandHandler.cs
FN:15,System.Void MyBills.Application.Accounts.Commands.CloseAccounts.CloseAccountCommandHandler::.ctor(MyBills.Application.Common.Interfaces.IApplicationDbContext)
FNDA:1,System.Void MyBills.Application.Accounts.Commands.CloseAccounts.CloseAccountCommandHandler::.ctor(MyBills.Application.Common.Interfaces.IApplicationDbContext)
DA:16,1
DA:17,1
DA:18,1
DA:19,1
FN:27,System.Void MyBills.Application.Accounts.Commands.CloseAccounts.CloseAccountCommandHandler/<>c::<Handle>b__2_0(MyBills.Domain.Entities.Account)
FNDA:2,System.Void MyBills.Application.Accounts.Commands.CloseAccounts.CloseAccountCommandHandler/<>c::<Handle>b__2_0(MyBills.Domain.Entities.Account)
DA:28,2
FN:21,System.Void MyBills.Application.Accounts.Commands.CloseAccounts.CloseAccountCommandHandler/<Handle>d__2::MoveNext()
FNDA:1,System.Void MyBills.Application.Accounts.Commands.CloseAccounts.CloseAccountCommandHandler/<Handle>d__2::MoveNext()
DA:22,1
DA:23,1
DA:24,1
DA:26,0
DA:30,1
DA:32,1
DA:33,1
BRDA:26,395,0,0
BRDA:26,395,1,1
LF:12
LH:11
BRF:2
BRH:1
FNF:3
FNH:3
end_of_record
SF:C:\Users\ncorreia\source\repos\MyBillsApi\src\Application\Accounts\Commands\CloseAccounts\CloseAccountsCommand.cs
FN:7,System.Collections.Generic.List`1<System.Int64> MyBills.Application.Accounts.Commands.CloseAccounts.CloseAccountsCommand::get_Ids()
FNDA:4,System.Collections.Generic.List`1<System.Int64> MyBills.Application.Accounts.Commands.CloseAccounts.CloseAccountsCommand::get_Ids()
DA:8,4
LF:1
LH:1
BRF:0
BRH:0
FNF:1
FNH:1
end_of_record
SF:C:\Users\ncorreia\source\repos\MyBillsApi\src\Application\Accounts\Commands\CloseAccounts\CreateAccountCommandValidator.cs
FN:6,System.Void MyBills.Application.Accounts.Commands.CloseAccounts.CloseAccountsCommandValidator::.ctor()
FNDA:1,System.Void MyBills.Application.Accounts.Commands.CloseAccounts.CloseAccountsCommandValidator::.ctor()
DA:7,1
DA:8,1
DA:9,1
DA:10,1
DA:11,1
DA:12,1
LF:6
LH:6
BRF:0
BRH:0
FNF:1
FNH:1
end_of_record
SF:C:\Users\ncorreia\source\repos\MyBillsApi\src\Domain\Events\BankTransactionCreateEvent.cs
FN:9,System.Void MyBills.Domain.Events.BankTransactionCreatedEvent::.ctor(MyBills.Domain.Entities.BankTransaction)
FNDA:0,System.Void MyBills.Domain.Events.BankTransactionCreatedEvent::.ctor(MyBills.Domain.Entities.BankTransaction)
DA:10,0
DA:11,0
DA:12,0
DA:13,0
LF:4
LH:0
BRF:0
BRH:0
FNF:1
FNH:0
end_of_record
SF:C:\Users\ncorreia\source\repos\MyBillsApi\src\Domain\Events\BankTransactionDeletedEvent.cs
FN:9,System.Void MyBills.Domain.Events.BankTransactionDeletedEvent::.ctor(MyBills.Domain.Entities.BankTransaction)
FNDA:0,System.Void MyBills.Domain.Events.BankTransactionDeletedEvent::.ctor(MyBills.Domain.Entities.BankTransaction)
DA:10,0
DA:11,0
DA:12,0
DA:13,0
LF:4
LH:0
BRF:0
BRH:0
FNF:1
FNH:0
end_of_record
SF:C:\Users\ncorreia\source\repos\MyBillsApi\src\Domain\Entities\Account.cs
FN:6,System.String MyBills.Domain.Entities.Account::get_OwnerName()
FNDA:0,System.String MyBills.Domain.Entities.Account::get_OwnerName()
DA:7,0
FN:7,System.Decimal MyBills.Domain.Entities.Account::get_Balance()
FNDA:2,System.Decimal MyBills.Domain.Entities.Account::get_Balance()
DA:8,2
FN:8,System.String MyBills.Domain.Entities.Account::get_BankAccountNumber()
FNDA:3,System.String MyBills.Domain.Entities.Account::get_BankAccountNumber()
DA:9,3
FN:9,System.Boolean MyBills.Domain.Entities.Account::get_Closed()
FNDA:2,System.Boolean MyBills.Domain.Entities.Account::get_Closed()
DA:10,2
LF:4
LH:3
BRF:0
BRH:0
FNF:4
FNH:3
end_of_record
SF:C:\Users\ncorreia\source\repos\MyBillsApi\src\Domain\Entities\BankTransaction.cs
FN:9,System.String MyBills.Domain.Entities.BankTransaction::get_Memo()
FNDA:0,System.String MyBills.Domain.Entities.BankTransaction::get_Memo()
DA:10,0
FN:11,System.Decimal MyBills.Domain.Entities.BankTransaction::get_Amount()
FNDA:0,System.Decimal MyBills.Domain.Entities.BankTransaction::get_Amount()
DA:12,0
FN:13,System.Int64 MyBills.Domain.Entities.BankTransaction::get_CategoryId()
FNDA:0,System.Int64 MyBills.Domain.Entities.BankTransaction::get_CategoryId()
DA:14,0
FN:15,System.Int64 MyBills.Domain.Entities.BankTransaction::get_AccountId()
FNDA:0,System.Int64 MyBills.Domain.Entities.BankTransaction::get_AccountId()
DA:16,0
FN:19,System.Boolean MyBills.Domain.Entities.BankTransaction::get_Deleted()
FNDA:0,System.Boolean MyBills.Domain.Entities.BankTransaction::get_Deleted()
DA:20,0
FN:21,System.Void MyBills.Domain.Entities.BankTransaction::set_Deleted(System.Boolean)
FNDA:0,System.Void MyBills.Domain.Entities.BankTransaction::set_Deleted(System.Boolean)
DA:22,0
DA:23,0
DA:24,0
DA:25,0
BRDA:23,2,0,0
BRDA:23,2,1,0
BRDA:23,18,0,0
BRDA:23,18,1,0
FN:27,MyBills.Domain.Entities.TransactionCategory MyBills.Domain.Entities.BankTransaction::get_TransactionCategory()
FNDA:0,MyBills.Domain.Entities.TransactionCategory MyBills.Domain.Entities.BankTransaction::get_TransactionCategory()
DA:28,0
FN:29,MyBills.Domain.Entities.Account MyBills.Domain.Entities.BankTransaction::get_Account()
FNDA:0,MyBills.Domain.Entities.Account MyBills.Domain.Entities.BankTransaction::get_Account()
DA:30,0
FN:31,System.Collections.Generic.List`1<MyBills.Domain.Common.DomainEvent> MyBills.Domain.Entities.BankTransaction::get_DomainEvents()
FNDA:0,System.Collections.Generic.List`1<MyBills.Domain.Common.DomainEvent> MyBills.Domain.Entities.BankTransaction::get_DomainEvents()
DA:32,0
LF:12
LH:0
BRF:4
BRH:0
FNF:9
FNH:0
end_of_record
SF:C:\Users\ncorreia\source\repos\MyBillsApi\src\Domain\Entities\TransactionCategory.cs
FN:7,System.String MyBills.Domain.Entities.TransactionCategory::get_Name()
FNDA:0,System.String MyBills.Domain.Entities.TransactionCategory::get_Name()
DA:8,0
FN:8,System.String MyBills.Domain.Entities.TransactionCategory::get_Description()
FNDA:0,System.String MyBills.Domain.Entities.TransactionCategory::get_Description()
DA:9,0
FN:9,System.Nullable`1<MyBills.Domain.Enums.RecurringPeriod> MyBills.Domain.Entities.TransactionCategory::get_RecurringPeriod()
FNDA:0,System.Nullable`1<MyBills.Domain.Enums.RecurringPeriod> MyBills.Domain.Entities.TransactionCategory::get_RecurringPeriod()
DA:10,0
FN:10,System.Int64 MyBills.Domain.Entities.TransactionCategory::get_AccountId()
FNDA:0,System.Int64 MyBills.Domain.Entities.TransactionCategory::get_AccountId()
DA:11,0
FN:11,MyBills.Domain.Entities.Account MyBills.Domain.Entities.TransactionCategory::get_Account()
FNDA:0,MyBills.Domain.Entities.Account MyBills.Domain.Entities.TransactionCategory::get_Account()
DA:12,0
LF:5
LH:0
BRF:0
BRH:0
FNF:5
FNH:0
end_of_record
SF:C:\Users\ncorreia\source\repos\MyBillsApi\src\Domain\Common\AuditableEntity.cs
FN:6,System.Int64 MyBills.Domain.Common.AuditableEntity::get_Id()
FNDA:0,System.Int64 MyBills.Domain.Common.AuditableEntity::get_Id()
DA:7,0
FN:8,System.DateTime MyBills.Domain.Common.AuditableEntity::get_Created()
FNDA:0,System.DateTime MyBills.Domain.Common.AuditableEntity::get_Created()
DA:9,0
FN:10,System.String MyBills.Domain.Common.AuditableEntity::get_CreatedBy()
FNDA:0,System.String MyBills.Domain.Common.AuditableEntity::get_CreatedBy()
DA:11,0
FN:12,System.Nullable`1<System.DateTime> MyBills.Domain.Common.AuditableEntity::get_LastModified()
FNDA:0,System.Nullable`1<System.DateTime> MyBills.Domain.Common.AuditableEntity::get_LastModified()
DA:13,0
FN:14,System.String MyBills.Domain.Common.AuditableEntity::get_LastModifiedBy()
FNDA:0,System.String MyBills.Domain.Common.AuditableEntity::get_LastModifiedBy()
DA:15,0
LF:5
LH:0
BRF:0
BRH:0
FNF:5
FNH:0
end_of_record
SF:C:\Users\ncorreia\source\repos\MyBillsApi\src\Domain\Common\DomainEvent.cs
FN:11,System.DateTimeOffset MyBills.Domain.Common.DomainEvent::get_DateOccurred()
FNDA:0,System.DateTimeOffset MyBills.Domain.Common.DomainEvent::get_DateOccurred()
DA:12,0
FN:6,System.Void MyBills.Domain.Common.DomainEvent::.ctor()
FNDA:0,System.Void MyBills.Domain.Common.DomainEvent::.ctor()
DA:7,0
DA:8,0
DA:9,0
DA:10,0
LF:5
LH:0
BRF:0
BRH:0
FNF:2
FNH:0
end_of_record
SF:C:\Users\ncorreia\source\repos\MyBillsApi\src\Infrastructure\ApplicationDbContextFactory.cs
FN:10,MyBills.Infrastructure.Persistence.ApplicationDbContext MyBills.Infrastructure.ApplicationDbContextFactory::CreateDbContext(System.String[])
FNDA:0,MyBills.Infrastructure.Persistence.ApplicationDbContext MyBills.Infrastructure.ApplicationDbContextFactory::CreateDbContext(System.String[])
DA:11,0
DA:12,0
DA:14,0
DA:16,0
DA:17,0
DA:19,0
DA:20,0
BRDA:17,32,0,0
BRDA:17,32,1,0
LF:7
LH:0
BRF:2
BRH:0
FNF:1
FNH:0
end_of_record
SF:C:\Users\ncorreia\source\repos\MyBillsApi\src\Infrastructure\DependencyInjection.cs
FN:14,Microsoft.Extensions.DependencyInjection.IServiceCollection MyBills.Infrastructure.DependencyInjection::AddInfrastructure(Microsoft.Extensions.DependencyInjection.IServiceCollection,Microsoft.Extensions.Configuration.IConfiguration)
FNDA:1,Microsoft.Extensions.DependencyInjection.IServiceCollection MyBills.Infrastructure.DependencyInjection::AddInfrastructure(Microsoft.Extensions.DependencyInjection.IServiceCollection,Microsoft.Extensions.Configuration.IConfiguration)
DA:15,1
DA:17,1
DA:18,1
DA:19,1
DA:20,2
DA:22,1
DA:24,1
DA:26,1
DA:28,1
DA:29,1
LF:10
LH:10
BRF:0
BRH:0
FNF:1
FNH:1
end_of_record
SF:C:\Users\ncorreia\source\repos\MyBillsApi\src\Infrastructure\Services\DateTimeService.cs
FN:7,System.DateTime MyBills.Infrastructure.Services.DateTimeService::get_Now()
FNDA:4,System.DateTime MyBills.Infrastructure.Services.DateTimeService::get_Now()
DA:8,4
LF:1
LH:1
BRF:0
BRH:0
FNF:1
FNH:1
end_of_record
SF:C:\Users\ncorreia\source\repos\MyBillsApi\src\Infrastructure\Services\DomainEventService.cs
FN:29,MediatR.INotification MyBills.Infrastructure.Services.DomainEventService::GetNotificationCorrespondingToDomainEvent(MyBills.Domain.Common.DomainEvent)
FNDA:0,MediatR.INotification MyBills.Infrastructure.Services.DomainEventService::GetNotificationCorrespondingToDomainEvent(MyBills.Domain.Common.DomainEvent)
DA:30,0
DA:31,0
DA:32,0
DA:33,0
FN:16,System.Void MyBills.Infrastructure.Services.DomainEventService::.ctor(Microsoft.Extensions.Logging.ILogger`1<MyBills.Infrastructure.Services.DomainEventService>,MediatR.IMediator)
FNDA:1,System.Void MyBills.Infrastructure.Services.DomainEventService::.ctor(Microsoft.Extensions.Logging.ILogger`1<MyBills.Infrastructure.Services.DomainEventService>,MediatR.IMediator)
DA:17,1
DA:18,1
DA:19,1
DA:20,1
DA:21,1
FN:23,System.Void MyBills.Infrastructure.Services.DomainEventService/<PublishAsync>d__3::MoveNext()
FNDA:0,System.Void MyBills.Infrastructure.Services.DomainEventService/<PublishAsync>d__3::MoveNext()
DA:24,0
DA:25,0
DA:26,0
DA:27,0
LF:13
LH:5
BRF:0
BRH:0
FNF:3
FNH:1
end_of_record
SF:C:\Users\ncorreia\source\repos\MyBillsApi\src\Infrastructure\Persistence\ApplicationDbContext.cs
FN:29,Microsoft.EntityFrameworkCore.DbSet`1<MyBills.Domain.Entities.BankTransaction> MyBills.Infrastructure.Persistence.ApplicationDbContext::get_BankTransactions()
FNDA:0,Microsoft.EntityFrameworkCore.DbSet`1<MyBills.Domain.Entities.BankTransaction> MyBills.Infrastructure.Persistence.ApplicationDbContext::get_BankTransactions()
DA:30,0
FN:30,Microsoft.EntityFrameworkCore.DbSet`1<MyBills.Domain.Entities.Account> MyBills.Infrastructure.Persistence.ApplicationDbContext::get_Accounts()
FNDA:5,Microsoft.EntityFrameworkCore.DbSet`1<MyBills.Domain.Entities.Account> MyBills.Infrastructure.Persistence.ApplicationDbContext::get_Accounts()
DA:31,5
FN:57,System.Void MyBills.Infrastructure.Persistence.ApplicationDbContext::OnConfiguring(Microsoft.EntityFrameworkCore.DbContextOptionsBuilder)
FNDA:1,System.Void MyBills.Infrastructure.Persistence.ApplicationDbContext::OnConfiguring(Microsoft.EntityFrameworkCore.DbContextOptionsBuilder)
DA:58,1
DA:59,0
DA:61,1
DA:62,1
DA:64,0
DA:65,0
DA:66,1
BRDA:59,9,1,1
BRDA:61,31,0,1
BRDA:61,31,1,0
BRDA:59,9,0,1
FN:68,System.Void MyBills.Infrastructure.Persistence.ApplicationDbContext::OnModelCreating(Microsoft.EntityFrameworkCore.ModelBuilder)
FNDA:1,System.Void MyBills.Infrastructure.Persistence.ApplicationDbContext::OnModelCreating(Microsoft.EntityFrameworkCore.ModelBuilder)
DA:69,1
DA:70,1
DA:72,1
DA:73,1
FN:22,System.Void MyBills.Infrastructure.Persistence.ApplicationDbContext::.ctor(Microsoft.EntityFrameworkCore.DbContextOptions,MyBills.Application.Common.Interfaces.IDomainEventService,MyBills.Application.Common.Interfaces.IDateTime,Microsoft.Extensions.Configuration.IConfiguration)
FNDA:1,System.Void MyBills.Infrastructure.Persistence.ApplicationDbContext::.ctor(Microsoft.EntityFrameworkCore.DbContextOptions,MyBills.Application.Common.Interfaces.IDomainEventService,MyBills.Application.Common.Interfaces.IDateTime,Microsoft.Extensions.Configuration.IConfiguration)
DA:23,1
DA:24,1
DA:25,1
DA:26,1
DA:27,1
DA:28,1
FN:33,System.Void MyBills.Infrastructure.Persistence.ApplicationDbContext/<SaveChangesAsync>d__12::MoveNext()
FNDA:3,System.Void MyBills.Infrastructure.Persistence.ApplicationDbContext/<SaveChangesAsync>d__12::MoveNext()
DA:34,3
DA:35,15
DA:36,3
DA:40,1
DA:41,1
DA:42,1
DA:46,2
DA:47,2
DA:50,3
DA:52,3
DA:54,3
DA:55,3
BRDA:35,248,1,3
BRDA:36,107,0,1
BRDA:36,113,1,1
BRDA:36,107,1,2
BRDA:36,113,0,3
BRDA:35,248,0,3
FN:77,System.Collections.Generic.List`1<MyBills.Domain.Common.DomainEvent> MyBills.Infrastructure.Persistence.ApplicationDbContext/<>c::<DispatchEvents>b__15_0(Microsoft.EntityFrameworkCore.ChangeTracking.EntityEntry`1<MyBills.Domain.Common.IHasDomainEvent>)
FNDA:0,System.Collections.Generic.List`1<MyBills.Domain.Common.DomainEvent> MyBills.Infrastructure.Persistence.ApplicationDbContext/<>c::<DispatchEvents>b__15_0(Microsoft.EntityFrameworkCore.ChangeTracking.EntityEntry`1<MyBills.Domain.Common.IHasDomainEvent>)
DA:78,0
FN:78,System.Collections.Generic.IEnumerable`1<MyBills.Domain.Common.DomainEvent> MyBills.Infrastructure.Persistence.ApplicationDbContext/<>c::<DispatchEvents>b__15_1(System.Collections.Generic.List`1<MyBills.Domain.Common.DomainEvent>)
FNDA:0,System.Collections.Generic.IEnumerable`1<MyBills.Domain.Common.DomainEvent> MyBills.Infrastructure.Persistence.ApplicationDbContext/<>c::<DispatchEvents>b__15_1(System.Collections.Generic.List`1<MyBills.Domain.Common.DomainEvent>)
DA:79,0
FN:75,System.Void MyBills.Infrastructure.Persistence.ApplicationDbContext/<DispatchEvents>d__15::MoveNext()
FNDA:3,System.Void MyBills.Infrastructure.Persistence.ApplicationDbContext/<DispatchEvents>d__15::MoveNext()
DA:76,3
DA:77,3
DA:80,3
DA:82,0
DA:83,0
DA:84,3
BRDA:82,314,1,0
BRDA:82,314,0,3
LF:39
LH:31
BRF:12
BRH:10
FNF:9
FNH:6
end_of_record
SF:C:\Users\ncorreia\source\repos\MyBillsApi\src\Infrastructure\Persistence\Migrations\20201104144039_InitialCreate.cs
FN:8,System.Void MyBills.Infrastructure.Persistence.Migrations.InitialCreate::Up(Microsoft.EntityFrameworkCore.Migrations.MigrationBuilder)
FNDA:0,System.Void MyBills.Infrastructure.Persistence.Migrations.InitialCreate::Up(Microsoft.EntityFrameworkCore.Migrations.MigrationBuilder)
DA:9,0
DA:10,0
DA:11,0
DA:12,0
DA:13,0
DA:14,0
DA:15,0
DA:16,0
DA:17,0
DA:18,0
DA:19,0
DA:20,0
DA:21,0
DA:22,0
DA:23,0
DA:24,0
DA:25,0
DA:27,0
DA:28,0
DA:29,0
DA:30,0
DA:31,0
DA:32,0
DA:33,0
DA:34,0
DA:35,0
DA:36,0
DA:37,0
DA:38,0
DA:39,0
DA:40,0
DA:41,0
DA:42,0
DA:43,0
DA:44,0
DA:45,0
DA:46,0
DA:47,0
DA:48,0
DA:49,0
DA:50,0
DA:51,0
DA:53,0
DA:54,0
DA:55,0
DA:56,0
DA:57,0
DA:58,0
DA:59,0
DA:60,0
DA:61,0
DA:62,0
DA:63,0
DA:64,0
DA:65,0
DA:66,0
DA:67,0
DA:68,0
DA:69,0
DA:70,0
DA:71,0
DA:72,0
DA:73,0
DA:74,0
DA:75,0
DA:76,0
DA:77,0
DA:78,0
DA:79,0
DA:80,0
DA:81,0
DA:82,0
DA:83,0
DA:84,0
DA:85,0
DA:87,0
DA:88,0
DA:89,0
DA:90,0
DA:92,0
DA:93,0
DA:94,0
DA:95,0
DA:97,0
DA:98,0
DA:99,0
DA:100,0
DA:101,0
FN:103,System.Void MyBills.Infrastructure.Persistence.Migrations.InitialCreate::Down(Microsoft.EntityFrameworkCore.Migrations.MigrationBuilder)
FNDA:0,System.Void MyBills.Infrastructure.Persistence.Migrations.InitialCreate::Down(Microsoft.EntityFrameworkCore.Migrations.MigrationBuilder)
DA:104,0
DA:105,0
DA:106,0
DA:108,0
DA:109,0
DA:111,0
DA:112,0
DA:113,0
LF:96
LH:0
BRF:0
BRH:0
FNF:2
FNH:0
end_of_record
SF:C:\Users\ncorreia\source\repos\MyBillsApi\src\Infrastructure\Persistence\Migrations\20201104144039_InitialCreate.Designer.cs
FN:16,System.Void MyBills.Infrastructure.Persistence.Migrations.InitialCreate::BuildTargetModel(Microsoft.EntityFrameworkCore.ModelBuilder)
FNDA:0,System.Void MyBills.Infrastructure.Persistence.Migrations.InitialCreate::BuildTargetModel(Microsoft.EntityFrameworkCore.ModelBuilder)
DA:17,0
DA:19,0
DA:20,0
DA:21,0
DA:22,0
DA:24,0
DA:25,0
DA:26,0
DA:27,0
DA:28,0
DA:29,0
DA:30,0
DA:31,0
DA:32,0
DA:33,0
DA:34,0
DA:35,0
DA:36,0
DA:37,0
DA:38,0
DA:39,0
DA:40,0
DA:41,0
DA:42,0
DA:43,0
DA:44,0
DA:45,0
DA:46,0
DA:47,0
DA:48,0
DA:49,0
DA:50,0
DA:51,0
DA:52,0
DA:53,0
DA:54,0
DA:55,0
DA:56,0
DA:57,0
DA:58,0
DA:59,0
DA:60,0
DA:62,0
DA:63,0
DA:64,0
DA:65,0
DA:66,0
DA:67,0
DA:68,0
DA:69,0
DA:70,0
DA:71,0
DA:72,0
DA:73,0
DA:74,0
DA:75,0
DA:76,0
DA:77,0
DA:78,0
DA:79,0
DA:80,0
DA:81,0
DA:82,0
DA:83,0
DA:84,0
DA:85,0
DA:86,0
DA:87,0
DA:88,0
DA:89,0
DA:90,0
DA:91,0
DA:92,0
DA:93,0
DA:94,0
DA:95,0
DA:96,0
DA:97,0
DA:98,0
DA:99,0
DA:100,0
DA:101,0
DA:102,0
DA:103,0
DA:104,0
DA:105,0
DA:106,0
DA:107,0
DA:108,0
DA:110,0
DA:111,0
DA:112,0
DA:113,0
DA:114,0
DA:115,0
DA:116,0
DA:117,0
DA:118,0
DA:119,0
DA:120,0
DA:121,0
DA:122,0
DA:123,0
DA:124,0
DA:125,0
DA:126,0
DA:127,0
DA:128,0
DA:129,0
DA:130,0
DA:131,0
DA:132,0
DA:133,0
DA:134,0
DA:135,0
DA:136,0
DA:137,0
DA:138,0
DA:139,0
DA:140,0
DA:141,0
DA:142,0
DA:143,0
DA:144,0
DA:145,0
DA:146,0
DA:147,0
DA:148,0
DA:150,0
DA:151,0
DA:152,0
DA:153,0
DA:154,0
DA:155,0
DA:156,0
DA:157,0
DA:158,0
DA:159,0
DA:160,0
DA:161,0
DA:163,0
DA:164,0
DA:165,0
DA:166,0
DA:167,0
DA:168,0
DA:169,0
DA:170,0
DA:172,0
LF:149
LH:0
BRF:0
BRH:0
FNF:1
FNH:0
end_of_record
SF:C:\Users\ncorreia\source\repos\MyBillsApi\src\Infrastructure\Persistence\Migrations\ApplicationDbContextModelSnapshot.cs
FN:13,System.Void MyBills.Infrastructure.Persistence.Migrations.ApplicationDbContextModelSnapshot::BuildModel(Microsoft.EntityFrameworkCore.ModelBuilder)
FNDA:0,System.Void MyBills.Infrastructure.Persistence.Migrations.ApplicationDbContextModelSnapshot::BuildModel(Microsoft.EntityFrameworkCore.ModelBuilder)
DA:14,0
DA:16,0
DA:17,0
DA:18,0
DA:19,0
DA:21,0
DA:22,0
DA:23,0
DA:24,0
DA:25,0
DA:26,0
DA:27,0
DA:28,0
DA:29,0
DA:30,0
DA:31,0
DA:32,0
DA:33,0
DA:34,0
DA:35,0
DA:36,0
DA:37,0
DA:38,0
DA:39,0
DA:40,0
DA:41,0
DA:42,0
DA:43,0
DA:44,0
DA:45,0
DA:46,0
DA:47,0
DA:48,0
DA:49,0
DA:50,0
DA:51,0
DA:52,0
DA:53,0
DA:54,0
DA:55,0
DA:56,0
DA:57,0
DA:58,0
DA:60,0
DA:61,0
DA:62,0
DA:63,0
DA:64,0
DA:65,0
DA:66,0
DA:67,0
DA:68,0
DA:69,0
DA:70,0
DA:71,0
DA:72,0
DA:73,0
DA:74,0
DA:75,0
DA:76,0
DA:77,0
DA:78,0
DA:79,0
DA:80,0
DA:81,0
DA:82,0
DA:83,0
DA:84,0
DA:85,0
DA:86,0
DA:87,0
DA:88,0
DA:89,0
DA:90,0
DA:91,0
DA:92,0
DA:93,0
DA:94,0
DA:95,0
DA:96,0
DA:97,0
DA:98,0
DA:99,0
DA:100,0
DA:101,0
DA:102,0
DA:103,0
DA:104,0
DA:105,0
DA:106,0
DA:107,0
DA:109,0
DA:110,0
DA:111,0
DA:112,0
DA:113,0
DA:114,0
DA:115,0
DA:116,0
DA:117,0
DA:118,0
DA:119,0
DA:120,0
DA:121,0
DA:122,0
DA:123,0
DA:124,0
DA:125,0
DA:126,0
DA:127,0
DA:128,0
DA:129,0
DA:130,0
DA:131,0
DA:132,0
DA:133,0
DA:134,0
DA:135,0
DA:136,0
DA:137,0
DA:138,0
DA:139,0
DA:140,0
DA:141,0
DA:142,0
DA:143,0
DA:144,0
DA:145,0
DA:146,0
DA:147,0
DA:148,0
DA:150,0
DA:151,0
DA:152,0
DA:153,0
DA:154,0
DA:155,0
DA:156,0
DA:157,0
DA:158,0
DA:159,0
DA:160,0
DA:161,0
DA:163,0
DA:164,0
DA:165,0
DA:166,0
DA:167,0
DA:168,0
DA:169,0
DA:170,0
DA:172,0
LF:152
LH:0
BRF:0
BRH:0
FNF:1
FNH:0
end_of_record
SF:C:\Users\ncorreia\source\repos\MyBillsApi\src\Infrastructure\Persistence\Configurations\AccountConfiguration.cs
FN:9,System.Void MyBills.Infrastructure.Persistence.Configurations.AccountConfiguration::Configure(Microsoft.EntityFrameworkCore.Metadata.Builders.EntityTypeBuilder`1<MyBills.Domain.Entities.Account>)
FNDA:1,System.Void MyBills.Infrastructure.Persistence.Configurations.AccountConfiguration::Configure(Microsoft.EntityFrameworkCore.Metadata.Builders.EntityTypeBuilder`1<MyBills.Domain.Entities.Account>)
DA:10,1
DA:11,1
DA:12,1
DA:13,1
DA:14,1
DA:15,1
LF:6
LH:6
BRF:0
BRH:0
FNF:1
FNH:1
end_of_record
SF:C:\Users\ncorreia\source\repos\MyBillsApi\src\Infrastructure\Persistence\Configurations\BankTransactionConfiguration.cs
FN:9,System.Void MyBills.Infrastructure.Persistence.Configurations.BankTransactionConfiguration::Configure(Microsoft.EntityFrameworkCore.Metadata.Builders.EntityTypeBuilder`1<MyBills.Domain.Entities.BankTransaction>)
FNDA:1,System.Void MyBills.Infrastructure.Persistence.Configurations.BankTransactionConfiguration::Configure(Microsoft.EntityFrameworkCore.Metadata.Builders.EntityTypeBuilder`1<MyBills.Domain.Entities.BankTransaction>)
DA:10,1
DA:11,1
DA:13,1
DA:15,1
DA:16,1
DA:17,1
DA:18,1
LF:7
LH:7
BRF:0
BRH:0
FNF:1
FNH:1
end_of_record
SF:C:\Users\ncorreia\source\repos\MyBillsApi\src\Infrastructure\Persistence\Configurations\TransactionCategoryConfiguration.cs
FN:9,System.Void MyBills.Infrastructure.Persistence.Configurations.TransactionCategoryConfiguration::Configure(Microsoft.EntityFrameworkCore.Metadata.Builders.EntityTypeBuilder`1<MyBills.Domain.Entities.TransactionCategory>)
FNDA:1,System.Void MyBills.Infrastructure.Persistence.Configurations.TransactionCategoryConfiguration::Configure(Microsoft.EntityFrameworkCore.Metadata.Builders.EntityTypeBuilder`1<MyBills.Domain.Entities.TransactionCategory>)
DA:10,1
DA:11,1
DA:13,1
DA:14,1
DA:15,1
DA:16,1
LF:6
LH:6
BRF:0
BRH:0
FNF:1
FNH:1
end_of_record