SF:C:\Users\ncorreia\source\repos\MyBillsApi\src\Application\DependencyInjection.cs
FN:12,Microsoft.Extensions.DependencyInjection.IServiceCollection MyBills.Application.DependencyInjection::AddApplication(Microsoft.Extensions.DependencyInjection.IServiceCollection)
FNDA:0,Microsoft.Extensions.DependencyInjection.IServiceCollection MyBills.Application.DependencyInjection::AddApplication(Microsoft.Extensions.DependencyInjection.IServiceCollection)
DA:13,0
DA:14,0
DA:15,0
DA:16,0
DA:17,0
DA:18,0
DA:19,0
DA:21,0
DA:22,0
LF:9
LH:0
BRF:0
BRH:0
FNF:1
FNH:0
end_of_record
SF:C:\Users\ncorreia\source\repos\MyBillsApi\src\Application\Common\Models\DomainEventNotification.cs
FN:12,TDomainEvent MyBills.Application.Common.Models.DomainEventNotification`1::get_DomainEvent()
FNDA:0,TDomainEvent MyBills.Application.Common.Models.DomainEventNotification`1::get_DomainEvent()
DA:13,0
FN:7,System.Void MyBills.Application.Common.Models.DomainEventNotification`1::.ctor(TDomainEvent)
FNDA:0,System.Void MyBills.Application.Common.Models.DomainEventNotification`1::.ctor(TDomainEvent)
DA:8,0
DA:9,0
DA:10,0
DA:11,0
LF:5
LH:0
BRF:0
BRH:0
FNF:2
FNH:0
end_of_record
SF:C:\Users\ncorreia\source\repos\MyBillsApi\src\Application\Common\Models\PaginatedList.cs
FN:18,System.Collections.Generic.List`1<T> MyBills.Application.Common.Models.PaginatedList`1::get_Items()
FNDA:0,System.Collections.Generic.List`1<T> MyBills.Application.Common.Models.PaginatedList`1::get_Items()
DA:19,0
FN:19,System.Int32 MyBills.Application.Common.Models.PaginatedList`1::get_PageIndex()
FNDA:0,System.Int32 MyBills.Application.Common.Models.PaginatedList`1::get_PageIndex()
DA:20,0
FN:20,System.Int32 MyBills.Application.Common.Models.PaginatedList`1::get_TotalPages()
FNDA:0,System.Int32 MyBills.Application.Common.Models.PaginatedList`1::get_TotalPages()
DA:21,0
FN:21,System.Int32 MyBills.Application.Common.Models.PaginatedList`1::get_TotalCount()
FNDA:0,System.Int32 MyBills.Application.Common.Models.PaginatedList`1::get_TotalCount()
DA:22,0
FN:23,System.Boolean MyBills.Application.Common.Models.PaginatedList`1::get_HasPreviousPage()
FNDA:0,System.Boolean MyBills.Application.Common.Models.PaginatedList`1::get_HasPreviousPage()
DA:24,0
FN:25,System.Boolean MyBills.Application.Common.Models.PaginatedList`1::get_HasNextPage()
FNDA:0,System.Boolean MyBills.Application.Common.Models.PaginatedList`1::get_HasNextPage()
DA:26,0
FN:10,System.Void MyBills.Application.Common.Models.PaginatedList`1::.ctor(System.Collections.Generic.List`1<T>,System.Int32,System.Int32,System.Int32)
FNDA:0,System.Void MyBills.Application.Common.Models.PaginatedList`1::.ctor(System.Collections.Generic.List`1<T>,System.Int32,System.Int32,System.Int32)
DA:11,0
DA:12,0
DA:13,0
DA:14,0
DA:15,0
DA:16,0
DA:17,0
FN:28,System.Void MyBills.Application.Common.Models.PaginatedList`1/<CreateAsync>d__17::MoveNext()
FNDA:0,System.Void MyBills.Application.Common.Models.PaginatedList`1/<CreateAsync>d__17::MoveNext()
DA:29,0
DA:30,0
DA:31,0
DA:33,0
DA:34,0
LF:18
LH:0
BRF:0
BRH:0
FNF:8
FNH:0
end_of_record
SF:C:\Users\ncorreia\source\repos\MyBillsApi\src\Application\Common\Models\Result.cs
FN:13,System.Boolean MyBills.Application.Common.Models.Result::get_Succeeded()
FNDA:0,System.Boolean MyBills.Application.Common.Models.Result::get_Succeeded()
DA:14,0
FN:15,System.Collections.Generic.IEnumerable`1<System.String> MyBills.Application.Common.Models.Result::get_Errors()
FNDA:0,System.Collections.Generic.IEnumerable`1<System.String> MyBills.Application.Common.Models.Result::get_Errors()
DA:16,0
FN:18,MyBills.Application.Common.Models.Result MyBills.Application.Common.Models.Result::Success()
FNDA:0,MyBills.Application.Common.Models.Result MyBills.Application.Common.Models.Result::Success()
DA:19,0
DA:20,0
DA:21,0
FN:23,MyBills.Application.Common.Models.Result MyBills.Application.Common.Models.Result::Failure(System.Collections.Generic.IEnumerable`1<System.String>)
FNDA:0,MyBills.Application.Common.Models.Result MyBills.Application.Common.Models.Result::Failure(System.Collections.Generic.IEnumerable`1<System.String>)
DA:24,0
DA:25,0
DA:26,0
FN:7,System.Void MyBills.Application.Common.Models.Result::.ctor(System.Boolean,System.Collections.Generic.IEnumerable`1<System.String>)
FNDA:0,System.Void MyBills.Application.Common.Models.Result::.ctor(System.Boolean,System.Collections.Generic.IEnumerable`1<System.String>)
DA:8,0
DA:9,0
DA:10,0
DA:11,0
DA:12,0
LF:13
LH:0
BRF:0
BRH:0
FNF:5
FNH:0
end_of_record
SF:C:\Users\ncorreia\source\repos\MyBillsApi\src\Application\Common\Exceptions\NotFoundException.cs
FN:6,System.Void MyBills.Application.Common.Exceptions.NotFoundException::.ctor()
FNDA:0,System.Void MyBills.Application.Common.Exceptions.NotFoundException::.ctor()
DA:7,0
DA:8,0
DA:9,0
FN:11,System.Void MyBills.Application.Common.Exceptions.NotFoundException::.ctor(System.String)
FNDA:0,System.Void MyBills.Application.Common.Exceptions.NotFoundException::.ctor(System.String)
DA:12,0
DA:13,0
DA:14,0
FN:16,System.Void MyBills.Application.Common.Exceptions.NotFoundException::.ctor(System.String,System.Exception)
FNDA:0,System.Void MyBills.Application.Common.Exceptions.NotFoundException::.ctor(System.String,System.Exception)
DA:17,0
DA:18,0
DA:19,0
FN:21,System.Void MyBills.Application.Common.Exceptions.NotFoundException::.ctor(System.String,System.Object)
FNDA:0,System.Void MyBills.Application.Common.Exceptions.NotFoundException::.ctor(System.String,System.Object)
DA:22,0
DA:23,0
DA:24,0
LF:12
LH:0
BRF:0
BRH:0
FNF:4
FNH:0
end_of_record
SF:C:\Users\ncorreia\source\repos\MyBillsApi\src\Application\Common\Exceptions\ValidationException.cs
FN:23,System.Collections.Generic.IDictionary`2<System.String,System.String[]> MyBills.Application.Common.Exceptions.ValidationException::get_Errors()
FNDA:0,System.Collections.Generic.IDictionary`2<System.String,System.String[]> MyBills.Application.Common.Exceptions.ValidationException::get_Errors()
DA:24,0
FN:10,System.Void MyBills.Application.Common.Exceptions.ValidationException::.ctor()
FNDA:0,System.Void MyBills.Application.Common.Exceptions.ValidationException::.ctor()
DA:11,0
DA:12,0
DA:13,0
DA:14,0
FN:16,System.Void MyBills.Application.Common.Exceptions.ValidationException::.ctor(System.Collections.Generic.IEnumerable`1<FluentValidation.Results.ValidationFailure>)
FNDA:0,System.Void MyBills.Application.Common.Exceptions.ValidationException::.ctor(System.Collections.Generic.IEnumerable`1<FluentValidation.Results.ValidationFailure>)
DA:17,0
DA:18,0
DA:19,0
DA:20,0
DA:21,0
DA:22,0
LF:11
LH:0
BRF:0
BRH:0
FNF:3
FNH:0
end_of_record
SF:C:\Users\ncorreia\source\repos\MyBillsApi\src\Application\Common\Behaviours\PerformanceBehaviour.cs
FN:13,System.Void MyBills.Application.Common.Behaviours.PerformanceBehaviour`2::.ctor(Microsoft.Extensions.Logging.ILogger`1<TRequest>)
FNDA:0,System.Void MyBills.Application.Common.Behaviours.PerformanceBehaviour`2::.ctor(Microsoft.Extensions.Logging.ILogger`1<TRequest>)
DA:14,0
DA:15,0
DA:16,0
DA:17,0
DA:19,0
DA:20,0
FN:23,System.Void MyBills.Application.Common.Behaviours.PerformanceBehaviour`2/<Handle>d__3::MoveNext()
FNDA:0,System.Void MyBills.Application.Common.Behaviours.PerformanceBehaviour`2/<Handle>d__3::MoveNext()
DA:24,0
DA:25,0
DA:27,0
DA:29,0
DA:31,0
DA:33,0
DA:34,0
DA:35,0
DA:37,0
DA:38,0
DA:39,0
DA:40,0
DA:42,0
DA:43,0
BRDA:33,219,0,0
BRDA:33,219,1,0
LF:20
LH:0
BRF:2
BRH:0
FNF:2
FNH:0
end_of_record
SF:C:\Users\ncorreia\source\repos\MyBillsApi\src\Application\Common\Behaviours\UnhandledExceptionBehaviour.cs
FN:12,System.Void MyBills.Application.Common.Behaviours.UnhandledExceptionBehaviour`2::.ctor(Microsoft.Extensions.Logging.ILogger`1<TRequest>)
FNDA:0,System.Void MyBills.Application.Common.Behaviours.UnhandledExceptionBehaviour`2::.ctor(Microsoft.Extensions.Logging.ILogger`1<TRequest>)
DA:13,0
DA:14,0
DA:15,0
DA:16,0
FN:19,System.Void MyBills.Application.Common.Behaviours.UnhandledExceptionBehaviour`2/<Handle>d__2::MoveNext()
FNDA:0,System.Void MyBills.Application.Common.Behaviours.UnhandledExceptionBehaviour`2/<Handle>d__2::MoveNext()
DA:20,0
DA:22,0
DA:23,0
DA:25,0
DA:26,0
DA:27,0
DA:29,0
DA:30,0
DA:32,0
DA:34,0
LF:14
LH:0
BRF:0
BRH:0
FNF:2
FNH:0
end_of_record
SF:C:\Users\ncorreia\source\repos\MyBillsApi\src\Application\Common\Behaviours\ValidationBehaviour.cs
FN:15,System.Void MyBills.Application.Common.Behaviours.ValidationBehaviour`2::.ctor(System.Collections.Generic.IEnumerable`1<FluentValidation.IValidator`1<TRequest>>)
FNDA:0,System.Void MyBills.Application.Common.Behaviours.ValidationBehaviour`2::.ctor(System.Collections.Generic.IEnumerable`1<FluentValidation.IValidator`1<TRequest>>)
DA:16,0
DA:17,0
DA:18,0
DA:19,0
FN:28,System.Threading.Tasks.Task`1<FluentValidation.Results.ValidationResult> MyBills.Application.Common.Behaviours.ValidationBehaviour`2/<>c__DisplayClass2_1::<Handle>b__2(FluentValidation.IValidator`1<TRequest>)
FNDA:0,System.Threading.Tasks.Task`1<FluentValidation.Results.ValidationResult> MyBills.Application.Common.Behaviours.ValidationBehaviour`2/<>c__DisplayClass2_1::<Handle>b__2(FluentValidation.IValidator`1<TRequest>)
DA:29,0
FN:29,System.Collections.Generic.IEnumerable`1<FluentValidation.Results.ValidationFailure> MyBills.Application.Common.Behaviours.ValidationBehaviour`2/<>c::<Handle>b__2_0(FluentValidation.Results.ValidationResult)
FNDA:0,System.Collections.Generic.IEnumerable`1<FluentValidation.Results.ValidationFailure> MyBills.Application.Common.Behaviours.ValidationBehaviour`2/<>c::<Handle>b__2_0(FluentValidation.Results.ValidationResult)
DA:30,0
BRDA:30,297,0,0
BRDA:30,297,1,0
BRDA:30,333,0,0
BRDA:30,333,1,0
LF:6
LH:0
BRF:4
BRH:0
FNF:3
FNH:0
end_of_record
SF:C:\Users\ncorreia\source\repos\MyBillsApi\src\Application\BankTransactions\Commands\UpdateBankTransaction\UpdateBankTransactionCommand.cs
FN:6,System.Int64 MyBills.Application.BankTransactions.Commands.UpdateBankTransaction.UpdateBankTransactionCommand::get_Id()
FNDA:0,System.Int64 MyBills.Application.BankTransactions.Commands.UpdateBankTransaction.UpdateBankTransactionCommand::get_Id()
DA:7,0
FN:7,System.String MyBills.Application.BankTransactions.Commands.UpdateBankTransaction.UpdateBankTransactionCommand::get_Memo()
FNDA:0,System.String MyBills.Application.BankTransactions.Commands.UpdateBankTransaction.UpdateBankTransactionCommand::get_Memo()
DA:8,0
FN:8,System.Decimal MyBills.Application.BankTransactions.Commands.UpdateBankTransaction.UpdateBankTransactionCommand::get_Amount()
FNDA:0,System.Decimal MyBills.Application.BankTransactions.Commands.UpdateBankTransaction.UpdateBankTransactionCommand::get_Amount()
DA:9,0
FN:9,System.Int64 MyBills.Application.BankTransactions.Commands.UpdateBankTransaction.UpdateBankTransactionCommand::get_CategoryId()
FNDA:0,System.Int64 MyBills.Application.BankTransactions.Commands.UpdateBankTransaction.UpdateBankTransactionCommand::get_CategoryId()
DA:10,0
LF:4
LH:0
BRF:0
BRH:0
FNF:4
FNH:0
end_of_record
SF:C:\Users\ncorreia\source\repos\MyBillsApi\src\Application\BankTransactions\Commands\UpdateBankTransaction\UpdateBankTransactionCommandHandler.cs
FN:13,System.Void MyBills.Application.BankTransactions.Commands.UpdateBankTransaction.UpdateBankTransactionCommandHandler::.ctor(MyBills.Application.Common.Interfaces.IApplicationDbContext)
FNDA:0,System.Void MyBills.Application.BankTransactions.Commands.UpdateBankTransaction.UpdateBankTransactionCommandHandler::.ctor(MyBills.Application.Common.Interfaces.IApplicationDbContext)
DA:14,0
DA:15,0
DA:16,0
DA:17,0
FN:19,System.Void MyBills.Application.BankTransactions.Commands.UpdateBankTransaction.UpdateBankTransactionCommandHandler/<Handle>d__2::MoveNext()
FNDA:0,System.Void MyBills.Application.BankTransactions.Commands.UpdateBankTransaction.UpdateBankTransactionCommandHandler/<Handle>d__2::MoveNext()
DA:20,0
DA:21,0
DA:22,0
DA:24,0
DA:26,0
DA:27,0
DA:28,0
DA:30,0
DA:32,0
DA:33,0
BRDA:22,109,0,0
BRDA:22,109,1,0
BRDA:24,224,0,0
BRDA:24,224,1,0
LF:14
LH:0
BRF:4
BRH:0
FNF:2
FNH:0
end_of_record
SF:C:\Users\ncorreia\source\repos\MyBillsApi\src\Application\BankTransactions\Commands\UpdateBankTransaction\UpdateBankTransactionCommandValidator.cs
FN:6,System.Void MyBills.Application.BankTransactions.Commands.UpdateBankTransaction.UpdateBankTransactionCommandValidator::.ctor()
FNDA:0,System.Void MyBills.Application.BankTransactions.Commands.UpdateBankTransaction.UpdateBankTransactionCommandValidator::.ctor()
DA:7,0
DA:8,0
DA:9,0
DA:10,0
DA:11,0
DA:12,0
DA:13,0
LF:7
LH:0
BRF:0
BRH:0
FNF:1
FNH:0
end_of_record
SF:C:\Users\ncorreia\source\repos\MyBillsApi\src\Application\BankTransactions\Commands\DeleteBankTransaction\DeleteBankTransactionCommand.cs
FN:6,System.Int64 MyBills.Application.BankTransactions.Commands.DeleteBankTransaction.DeleteBankTransactionCommand::get_Id()
FNDA:0,System.Int64 MyBills.Application.BankTransactions.Commands.DeleteBankTransaction.DeleteBankTransactionCommand::get_Id()
DA:7,0
LF:1
LH:0
BRF:0
BRH:0
FNF:1
FNH:0
end_of_record
SF:C:\Users\ncorreia\source\repos\MyBillsApi\src\Application\BankTransactions\Commands\DeleteBankTransaction\DeleteBankTransactionCommandHandler.cs
FN:13,System.Void MyBills.Application.BankTransactions.Commands.DeleteBankTransaction.DeleteBankTransactionCommandHandler::.ctor(MyBills.Application.Common.Interfaces.IApplicationDbContext)
FNDA:0,System.Void MyBills.Application.BankTransactions.Commands.DeleteBankTransaction.DeleteBankTransactionCommandHandler::.ctor(MyBills.Application.Common.Interfaces.IApplicationDbContext)
DA:14,0
DA:15,0
DA:16,0
DA:17,0
FN:19,System.Void MyBills.Application.BankTransactions.Commands.DeleteBankTransaction.DeleteBankTransactionCommandHandler/<Handle>d__2::MoveNext()
FNDA:0,System.Void MyBills.Application.BankTransactions.Commands.DeleteBankTransaction.DeleteBankTransactionCommandHandler/<Handle>d__2::MoveNext()
DA:20,0
DA:21,0
DA:22,0
DA:24,0
DA:26,0
DA:28,0
DA:30,0
DA:31,0
BRDA:22,109,0,0
BRDA:22,109,1,0
BRDA:24,224,0,0
BRDA:24,224,1,0
LF:12
LH:0
BRF:4
BRH:0
FNF:2
FNH:0
end_of_record
SF:C:\Users\ncorreia\source\repos\MyBillsApi\src\Application\BankTransactions\Commands\CreateBankTransaction\CreateBankTransactionCommand.cs
FN:6,System.String MyBills.Application.BankTransactions.Commands.CreateBankTransaction.CreateBankTransactionCommand::get_Memo()
FNDA:0,System.String MyBills.Application.BankTransactions.Commands.CreateBankTransaction.CreateBankTransactionCommand::get_Memo()
DA:7,0
FN:7,System.Decimal MyBills.Application.BankTransactions.Commands.CreateBankTransaction.CreateBankTransactionCommand::get_Amount()
FNDA:0,System.Decimal MyBills.Application.BankTransactions.Commands.CreateBankTransaction.CreateBankTransactionCommand::get_Amount()
DA:8,0
FN:8,System.Int64 MyBills.Application.BankTransactions.Commands.CreateBankTransaction.CreateBankTransactionCommand::get_CategoryId()
FNDA:0,System.Int64 MyBills.Application.BankTransactions.Commands.CreateBankTransaction.CreateBankTransactionCommand::get_CategoryId()
DA:9,0
FN:9,System.Int64 MyBills.Application.BankTransactions.Commands.CreateBankTransaction.CreateBankTransactionCommand::get_AccountId()
FNDA:0,System.Int64 MyBills.Application.BankTransactions.Commands.CreateBankTransaction.CreateBankTransactionCommand::get_AccountId()
DA:10,0
LF:4
LH:0
BRF:0
BRH:0
FNF:4
FNH:0
end_of_record
SF:C:\Users\ncorreia\source\repos\MyBillsApi\src\Application\BankTransactions\Commands\CreateBankTransaction\CreateBankTransactionCommandHandler.cs
FN:13,System.Void MyBills.Application.BankTransactions.Commands.CreateBankTransaction.CreateBankTransactionCommandHandler::.ctor(MyBills.Application.Common.Interfaces.IApplicationDbContext)
FNDA:0,System.Void MyBills.Application.BankTransactions.Commands.CreateBankTransaction.CreateBankTransactionCommandHandler::.ctor(MyBills.Application.Common.Interfaces.IApplicationDbContext)
DA:14,0
DA:15,0
DA:16,0
DA:17,0
FN:19,System.Void MyBills.Application.BankTransactions.Commands.CreateBankTransaction.CreateBankTransactionCommandHandler/<Handle>d__2::MoveNext()
FNDA:0,System.Void MyBills.Application.BankTransactions.Commands.CreateBankTransaction.CreateBankTransactionCommandHandler/<Handle>d__2::MoveNext()
DA:20,0
DA:21,0
DA:22,0
DA:23,0
DA:24,0
DA:25,0
DA:26,0
DA:27,0
DA:29,0
DA:31,0
DA:33,0
DA:35,0
DA:36,0
BRDA:31,189,0,0
BRDA:31,189,1,0
LF:17
LH:0
BRF:2
BRH:0
FNF:2
FNH:0
end_of_record
SF:C:\Users\ncorreia\source\repos\MyBillsApi\src\Application\BankTransactions\Commands\CreateBankTransaction\CreateBankTransactionCommandValidator.cs
FN:6,System.Void MyBills.Application.BankTransactions.Commands.CreateBankTransaction.CreateBankTransactionCommandValidator::.ctor()
FNDA:0,System.Void MyBills.Application.BankTransactions.Commands.CreateBankTransaction.CreateBankTransactionCommandValidator::.ctor()
DA:7,0
DA:8,0
DA:9,0
DA:10,0
DA:11,0
DA:12,0
DA:13,0
LF:7
LH:0
BRF:0
BRH:0
FNF:1
FNH:0
end_of_record
SF:C:\Users\ncorreia\source\repos\MyBillsApi\src\Application\Accounts\Queries\GetAccounts\GetAccountsQuery.cs
FN:8,System.Collections.Generic.List`1<System.Int64> MyBills.Application.Accounts.Queries.GetAccounts.GetAccountsQuery::get_Ids()
FNDA:0,System.Collections.Generic.List`1<System.Int64> MyBills.Application.Accounts.Queries.GetAccounts.GetAccountsQuery::get_Ids()
DA:9,0
LF:1
LH:0
BRF:0
BRH:0
FNF:1
FNH:0
end_of_record
SF:C:\Users\ncorreia\source\repos\MyBillsApi\src\Application\Accounts\Queries\GetAccounts\GetAccountsQueryHandler.cs
FN:15,System.Void MyBills.Application.Accounts.Queries.GetAccounts.GetAccountsQueryHandler::.ctor(MyBills.Application.Common.Interfaces.IApplicationDbContext)
FNDA:0,System.Void MyBills.Application.Accounts.Queries.GetAccounts.GetAccountsQueryHandler::.ctor(MyBills.Application.Common.Interfaces.IApplicationDbContext)
DA:16,0
DA:17,0
DA:18,0
DA:19,0
FN:21,System.Void MyBills.Application.Accounts.Queries.GetAccounts.GetAccountsQueryHandler/<Handle>d__2::MoveNext()
FNDA:0,System.Void MyBills.Application.Accounts.Queries.GetAccounts.GetAccountsQueryHandler/<Handle>d__2::MoveNext()
DA:22,0
DA:23,0
DA:24,0
DA:26,0
DA:27,0
BRDA:24,96,0,0
BRDA:24,96,1,0
LF:9
LH:0
BRF:2
BRH:0
FNF:2
FNH:0
end_of_record
SF:C:\Users\ncorreia\source\repos\MyBillsApi\src\Application\Accounts\Commands\UpdateAccount\UpdateAccountCommand.cs
FN:6,System.Int64 MyBills.Application.Accounts.Commands.UpdateAccount.UpdateAccountCommand::get_Id()
FNDA:0,System.Int64 MyBills.Application.Accounts.Commands.UpdateAccount.UpdateAccountCommand::get_Id()
DA:7,0
FN:7,System.String MyBills.Application.Accounts.Commands.UpdateAccount.UpdateAccountCommand::get_OwnerName()
FNDA:0,System.String MyBills.Application.Accounts.Commands.UpdateAccount.UpdateAccountCommand::get_OwnerName()
DA:8,0
FN:8,System.String MyBills.Application.Accounts.Commands.UpdateAccount.UpdateAccountCommand::get_BankAccountNumber()
FNDA:0,System.String MyBills.Application.Accounts.Commands.UpdateAccount.UpdateAccountCommand::get_BankAccountNumber()
DA:9,0
LF:3
LH:0
BRF:0
BRH:0
FNF:3
FNH:0
end_of_record
SF:C:\Users\ncorreia\source\repos\MyBillsApi\src\Application\Accounts\Commands\UpdateAccount\UpdateAccountCommandHandler.cs
FN:13,System.Void MyBills.Application.Accounts.Commands.UpdateAccount.UpdateAccountCommandHandler::.ctor(MyBills.Application.Common.Interfaces.IApplicationDbContext)
FNDA:0,System.Void MyBills.Application.Accounts.Commands.UpdateAccount.UpdateAccountCommandHandler::.ctor(MyBills.Application.Common.Interfaces.IApplicationDbContext)
DA:14,0
DA:15,0
DA:16,0
DA:17,0
FN:19,System.Void MyBills.Application.Accounts.Commands.UpdateAccount.UpdateAccountCommandHandler/<Handle>d__2::MoveNext()
FNDA:0,System.Void MyBills.Application.Accounts.Commands.UpdateAccount.UpdateAccountCommandHandler/<Handle>d__2::MoveNext()
DA:20,0
DA:21,0
DA:22,0
DA:24,0
DA:26,0
DA:27,0
DA:29,0
DA:31,0
DA:32,0
BRDA:22,109,0,0
BRDA:22,109,1,0
BRDA:24,224,0,0
BRDA:24,224,1,0
LF:13
LH:0
BRF:4
BRH:0
FNF:2
FNH:0
end_of_record
SF:C:\Users\ncorreia\source\repos\MyBillsApi\src\Application\Accounts\Commands\UpdateAccount\UpdateAccountCommandValidator.cs
FN:8,System.Void MyBills.Application.Accounts.Commands.UpdateAccount.UpdateAccountCommandValidator::.ctor()
FNDA:0,System.Void MyBills.Application.Accounts.Commands.UpdateAccount.UpdateAccountCommandValidator::.ctor()
DA:9,0
DA:10,0
DA:11,0
DA:12,0
DA:13,0
DA:14,0
DA:15,0
DA:16,0
LF:8
LH:0
BRF:0
BRH:0
FNF:1
FNH:0
end_of_record
SF:C:\Users\ncorreia\source\repos\MyBillsApi\src\Application\Accounts\Commands\CreateAccount\CreateAccountCommand.cs
FN:6,System.String MyBills.Application.Accounts.Commands.CreateAccount.CreateAccountCommand::get_OwnerName()
FNDA:0,System.String MyBills.Application.Accounts.Commands.CreateAccount.CreateAccountCommand::get_OwnerName()
DA:7,0
FN:7,System.Decimal MyBills.Application.Accounts.Commands.CreateAccount.CreateAccountCommand::get_Balance()
FNDA:0,System.Decimal MyBills.Application.Accounts.Commands.CreateAccount.CreateAccountCommand::get_Balance()
DA:8,0
FN:8,System.String MyBills.Application.Accounts.Commands.CreateAccount.CreateAccountCommand::get_BankAccountNumber()
FNDA:0,System.String MyBills.Application.Accounts.Commands.CreateAccount.CreateAccountCommand::get_BankAccountNumber()
DA:9,0
LF:3
LH:0
BRF:0
BRH:0
FNF:3
FNH:0
end_of_record
SF:C:\Users\ncorreia\source\repos\MyBillsApi\src\Application\Accounts\Commands\CreateAccount\CreateAccountCommandHandler.cs
FN:12,System.Void MyBills.Application.Accounts.Commands.CreateAccount.CreateAccountCommandHandler::.ctor(MyBills.Application.Common.Interfaces.IApplicationDbContext)
FNDA:0,System.Void MyBills.Application.Accounts.Commands.CreateAccount.CreateAccountCommandHandler::.ctor(MyBills.Application.Common.Interfaces.IApplicationDbContext)
DA:13,0
DA:14,0
DA:15,0
DA:16,0
FN:18,System.Void MyBills.Application.Accounts.Commands.CreateAccount.CreateAccountCommandHandler/<Handle>d__2::MoveNext()
FNDA:0,System.Void MyBills.Application.Accounts.Commands.CreateAccount.CreateAccountCommandHandler/<Handle>d__2::MoveNext()
DA:19,0
DA:20,0
DA:21,0
DA:22,0
DA:23,0
DA:24,0
DA:25,0
DA:27,0
DA:29,0
DA:31,0
DA:32,0
BRDA:27,143,0,0
BRDA:27,143,1,0
LF:15
LH:0
BRF:2
BRH:0
FNF:2
FNH:0
end_of_record
SF:C:\Users\ncorreia\source\repos\MyBillsApi\src\Application\Accounts\Commands\CreateAccount\CreateAccountCommandValidator.cs
FN:8,System.Void MyBills.Application.Accounts.Commands.CreateAccount.UpdateAccountCommandValidator::.ctor()
FNDA:0,System.Void MyBills.Application.Accounts.Commands.CreateAccount.UpdateAccountCommandValidator::.ctor()
DA:9,0
DA:10,0
DA:11,0
DA:12,0
DA:13,0
DA:14,0
DA:15,0
DA:16,0
LF:8
LH:0
BRF:0
BRH:0
FNF:1
FNH:0
end_of_record
SF:C:\Users\ncorreia\source\repos\MyBillsApi\src\Application\Accounts\Commands\CloseAccounts\CloseAccountCommandHandler.cs
FN:15,System.Void MyBills.Application.Accounts.Commands.CloseAccounts.CloseAccountCommandHandler::.ctor(MyBills.Application.Common.Interfaces.IApplicationDbContext)
FNDA:0,System.Void MyBills.Application.Accounts.Commands.CloseAccounts.CloseAccountCommandHandler::.ctor(MyBills.Application.Common.Interfaces.IApplicationDbContext)
DA:16,0
DA:17,0
DA:18,0
DA:19,0
FN:27,System.Void MyBills.Application.Accounts.Commands.CloseAccounts.CloseAccountCommandHandler/<>c::<Handle>b__2_0(MyBills.Domain.Entities.Account)
FNDA:0,System.Void MyBills.Application.Accounts.Commands.CloseAccounts.CloseAccountCommandHandler/<>c::<Handle>b__2_0(MyBills.Domain.Entities.Account)
DA:28,0
FN:21,System.Void MyBills.Application.Accounts.Commands.CloseAccounts.CloseAccountCommandHandler/<Handle>d__2::MoveNext()
FNDA:0,System.Void MyBills.Application.Accounts.Commands.CloseAccounts.CloseAccountCommandHandler/<Handle>d__2::MoveNext()
DA:22,0
DA:23,0
DA:24,0
DA:26,0
DA:30,0
DA:32,0
DA:33,0
BRDA:26,395,0,0
BRDA:26,395,1,0
LF:12
LH:0
BRF:2
BRH:0
FNF:3
FNH:0
end_of_record
SF:C:\Users\ncorreia\source\repos\MyBillsApi\src\Application\Accounts\Commands\CloseAccounts\CloseAccountsCommand.cs
FN:7,System.Collections.Generic.List`1<System.Int64> MyBills.Application.Accounts.Commands.CloseAccounts.CloseAccountsCommand::get_Ids()
FNDA:0,System.Collections.Generic.List`1<System.Int64> MyBills.Application.Accounts.Commands.CloseAccounts.CloseAccountsCommand::get_Ids()
DA:8,0
LF:1
LH:0
BRF:0
BRH:0
FNF:1
FNH:0
end_of_record
SF:C:\Users\ncorreia\source\repos\MyBillsApi\src\Application\Accounts\Commands\CloseAccounts\CreateAccountCommandValidator.cs
FN:6,System.Void MyBills.Application.Accounts.Commands.CloseAccounts.CloseAccountsCommandValidator::.ctor()
FNDA:0,System.Void MyBills.Application.Accounts.Commands.CloseAccounts.CloseAccountsCommandValidator::.ctor()
DA:7,0
DA:8,0
DA:9,0
DA:10,0
DA:11,0
DA:12,0
LF:6
LH:0
BRF:0
BRH:0
FNF:1
FNH:0
end_of_record
SF:C:\Users\ncorreia\source\repos\MyBillsApi\src\Domain\Events\BankTransactionCreateEvent.cs
FN:9,System.Void MyBills.Domain.Events.BankTransactionCreatedEvent::.ctor(MyBills.Domain.Entities.BankTransaction)
FNDA:0,System.Void MyBills.Domain.Events.BankTransactionCreatedEvent::.ctor(MyBills.Domain.Entities.BankTransaction)
DA:10,0
DA:11,0
DA:12,0
DA:13,0
LF:4
LH:0
BRF:0
BRH:0
FNF:1
FNH:0
end_of_record
SF:C:\Users\ncorreia\source\repos\MyBillsApi\src\Domain\Events\BankTransactionDeletedEvent.cs
FN:9,System.Void MyBills.Domain.Events.BankTransactionDeletedEvent::.ctor(MyBills.Domain.Entities.BankTransaction)
FNDA:0,System.Void MyBills.Domain.Events.BankTransactionDeletedEvent::.ctor(MyBills.Domain.Entities.BankTransaction)
DA:10,0
DA:11,0
DA:12,0
DA:13,0
LF:4
LH:0
BRF:0
BRH:0
FNF:1
FNH:0
end_of_record
SF:C:\Users\ncorreia\source\repos\MyBillsApi\src\Domain\Entities\Account.cs
FN:6,System.String MyBills.Domain.Entities.Account::get_OwnerName()
FNDA:0,System.String MyBills.Domain.Entities.Account::get_OwnerName()
DA:7,0
FN:7,System.Decimal MyBills.Domain.Entities.Account::get_Balance()
FNDA:0,System.Decimal MyBills.Domain.Entities.Account::get_Balance()
DA:8,0
FN:8,System.String MyBills.Domain.Entities.Account::get_BankAccountNumber()
FNDA:0,System.String MyBills.Domain.Entities.Account::get_BankAccountNumber()
DA:9,0
FN:9,System.Boolean MyBills.Domain.Entities.Account::get_Closed()
FNDA:0,System.Boolean MyBills.Domain.Entities.Account::get_Closed()
DA:10,0
LF:4
LH:0
BRF:0
BRH:0
FNF:4
FNH:0
end_of_record
SF:C:\Users\ncorreia\source\repos\MyBillsApi\src\Domain\Entities\BankTransaction.cs
FN:9,System.String MyBills.Domain.Entities.BankTransaction::get_Memo()
FNDA:0,System.String MyBills.Domain.Entities.BankTransaction::get_Memo()
DA:10,0
FN:11,System.Decimal MyBills.Domain.Entities.BankTransaction::get_Amount()
FNDA:0,System.Decimal MyBills.Domain.Entities.BankTransaction::get_Amount()
DA:12,0
FN:13,System.Int64 MyBills.Domain.Entities.BankTransaction::get_CategoryId()
FNDA:0,System.Int64 MyBills.Domain.Entities.BankTransaction::get_CategoryId()
DA:14,0
FN:15,System.Int64 MyBills.Domain.Entities.BankTransaction::get_AccountId()
FNDA:0,System.Int64 MyBills.Domain.Entities.BankTransaction::get_AccountId()
DA:16,0
FN:19,System.Boolean MyBills.Domain.Entities.BankTransaction::get_Deleted()
FNDA:0,System.Boolean MyBills.Domain.Entities.BankTransaction::get_Deleted()
DA:20,0
FN:21,System.Void MyBills.Domain.Entities.BankTransaction::set_Deleted(System.Boolean)
FNDA:0,System.Void MyBills.Domain.Entities.BankTransaction::set_Deleted(System.Boolean)
DA:22,0
DA:23,0
DA:24,0
DA:25,0
BRDA:23,2,0,0
BRDA:23,2,1,0
BRDA:23,18,0,0
BRDA:23,18,1,0
FN:27,MyBills.Domain.Entities.TransactionCategory MyBills.Domain.Entities.BankTransaction::get_TransactionCategory()
FNDA:0,MyBills.Domain.Entities.TransactionCategory MyBills.Domain.Entities.BankTransaction::get_TransactionCategory()
DA:28,0
FN:29,MyBills.Domain.Entities.Account MyBills.Domain.Entities.BankTransaction::get_Account()
FNDA:0,MyBills.Domain.Entities.Account MyBills.Domain.Entities.BankTransaction::get_Account()
DA:30,0
FN:31,System.Collections.Generic.List`1<MyBills.Domain.Common.DomainEvent> MyBills.Domain.Entities.BankTransaction::get_DomainEvents()
FNDA:0,System.Collections.Generic.List`1<MyBills.Domain.Common.DomainEvent> MyBills.Domain.Entities.BankTransaction::get_DomainEvents()
DA:32,0
LF:12
LH:0
BRF:4
BRH:0
FNF:9
FNH:0
end_of_record
SF:C:\Users\ncorreia\source\repos\MyBillsApi\src\Domain\Entities\TransactionCategory.cs
FN:7,System.String MyBills.Domain.Entities.TransactionCategory::get_Name()
FNDA:0,System.String MyBills.Domain.Entities.TransactionCategory::get_Name()
DA:8,0
FN:8,System.String MyBills.Domain.Entities.TransactionCategory::get_Description()
FNDA:0,System.String MyBills.Domain.Entities.TransactionCategory::get_Description()
DA:9,0
FN:9,System.Nullable`1<MyBills.Domain.Enums.RecurringPeriod> MyBills.Domain.Entities.TransactionCategory::get_RecurringPeriod()
FNDA:0,System.Nullable`1<MyBills.Domain.Enums.RecurringPeriod> MyBills.Domain.Entities.TransactionCategory::get_RecurringPeriod()
DA:10,0
FN:10,System.Int64 MyBills.Domain.Entities.TransactionCategory::get_AccountId()
FNDA:0,System.Int64 MyBills.Domain.Entities.TransactionCategory::get_AccountId()
DA:11,0
FN:11,MyBills.Domain.Entities.Account MyBills.Domain.Entities.TransactionCategory::get_Account()
FNDA:0,MyBills.Domain.Entities.Account MyBills.Domain.Entities.TransactionCategory::get_Account()
DA:12,0
LF:5
LH:0
BRF:0
BRH:0
FNF:5
FNH:0
end_of_record
SF:C:\Users\ncorreia\source\repos\MyBillsApi\src\Domain\Common\AuditableEntity.cs
FN:6,System.Int64 MyBills.Domain.Common.AuditableEntity::get_Id()
FNDA:0,System.Int64 MyBills.Domain.Common.AuditableEntity::get_Id()
DA:7,0
FN:8,System.DateTime MyBills.Domain.Common.AuditableEntity::get_Created()
FNDA:0,System.DateTime MyBills.Domain.Common.AuditableEntity::get_Created()
DA:9,0
FN:10,System.String MyBills.Domain.Common.AuditableEntity::get_CreatedBy()
FNDA:0,System.String MyBills.Domain.Common.AuditableEntity::get_CreatedBy()
DA:11,0
FN:12,System.Nullable`1<System.DateTime> MyBills.Domain.Common.AuditableEntity::get_LastModified()
FNDA:0,System.Nullable`1<System.DateTime> MyBills.Domain.Common.AuditableEntity::get_LastModified()
DA:13,0
FN:14,System.String MyBills.Domain.Common.AuditableEntity::get_LastModifiedBy()
FNDA:0,System.String MyBills.Domain.Common.AuditableEntity::get_LastModifiedBy()
DA:15,0
LF:5
LH:0
BRF:0
BRH:0
FNF:5
FNH:0
end_of_record
SF:C:\Users\ncorreia\source\repos\MyBillsApi\src\Domain\Common\DomainEvent.cs
FN:11,System.DateTimeOffset MyBills.Domain.Common.DomainEvent::get_DateOccurred()
FNDA:0,System.DateTimeOffset MyBills.Domain.Common.DomainEvent::get_DateOccurred()
DA:12,0
FN:6,System.Void MyBills.Domain.Common.DomainEvent::.ctor()
FNDA:0,System.Void MyBills.Domain.Common.DomainEvent::.ctor()
DA:7,0
DA:8,0
DA:9,0
DA:10,0
LF:5
LH:0
BRF:0
BRH:0
FNF:2
FNH:0
end_of_record